travis_fold:start:worker_info[0K[33;1mWorker information[0m
hostname: 5d8dccea-505b-44d7-ac1c-af66f0b7fb3a@1.production-1-worker-org-06-packet
version: v3.10.1 https://github.com/travis-ci/worker/tree/2f4923494b1f57289a2d4b68a0861e882a7215ad
instance: 87de1a5 travisci/ci-garnet:packer-1512502276-986baf0 (via amqp)
startup: 1.168650666s
travis_fold:end:worker_info[0Ktravis_fold:start:system_info[0K[33;1mBuild system information[0m
Build language: java
Build group: stable
Build dist: trusty
Build id: 403602199
Job id: 403602200
Runtime kernel version: 4.4.0-112-generic
travis-build version: 8a8d8ab49
[34m[1mBuild image provisioning date and time[0m
Tue Dec  5 20:11:19 UTC 2017
[34m[1mOperating System Details[0m
Distributor ID:	Ubuntu
Description:	Ubuntu 14.04.5 LTS
Release:	14.04
Codename:	trusty
[34m[1mCookbooks Version[0m
7c2c6a6 https://github.com/travis-ci/travis-cookbooks/tree/7c2c6a6
[34m[1mgit version[0m
git version 2.15.1
[34m[1mbash version[0m
GNU bash, version 4.3.11(1)-release (x86_64-pc-linux-gnu)
[34m[1mgcc version[0m
gcc (Ubuntu 4.8.4-2ubuntu1~14.04.3) 4.8.4
Copyright (C) 2013 Free Software Foundation, Inc.
This is free software; see the source for copying conditions.  There is NO
warranty; not even for MERCHANTABILITY or FITNESS FOR A PARTICULAR PURPOSE.

[34m[1mdocker version[0m
Client:
 Version:      17.09.0-ce
 API version:  1.32
 Go version:   go1.8.3
 Git commit:   afdb6d4
 Built:        Tue Sep 26 22:39:28 2017
 OS/Arch:      linux/amd64
[34m[1mclang version[0m
clang version 5.0.0 (tags/RELEASE_500/final)
Target: x86_64-unknown-linux-gnu
Thread model: posix
InstalledDir: /usr/local/clang-5.0.0/bin
[34m[1mjq version[0m
jq-1.5
[34m[1mbats version[0m
Bats 0.4.0
[34m[1mshellcheck version[0m
0.4.6
[34m[1mshfmt version[0m
v2.0.0
[34m[1mccache version[0m
ccache version 3.1.9

Copyright (C) 2002-2007 Andrew Tridgell
Copyright (C) 2009-2011 Joel Rosdahl

This program is free software; you can redistribute it and/or modify it under
the terms of the GNU General Public License as published by the Free Software
Foundation; either version 3 of the License, or (at your option) any later
version.
[34m[1mcmake version[0m
cmake version 3.9.2

CMake suite maintained and supported by Kitware (kitware.com/cmake).
[34m[1mheroku version[0m
heroku-cli/6.14.39-addc925 (linux-x64) node-v9.2.0
[34m[1mimagemagick version[0m
Version: ImageMagick 6.7.7-10 2017-07-31 Q16 http://www.imagemagick.org
[34m[1mmd5deep version[0m
4.2
[34m[1mmercurial version[0m
Mercurial Distributed SCM (version 4.2.2)
(see https://mercurial-scm.org for more information)

Copyright (C) 2005-2017 Matt Mackall and others
This is free software; see the source for copying conditions. There is NO
warranty; not even for MERCHANTABILITY or FITNESS FOR A PARTICULAR PURPOSE.
[34m[1mmysql version[0m
mysql  Ver 14.14 Distrib 5.6.33, for debian-linux-gnu (x86_64) using  EditLine wrapper
[34m[1mopenssl version[0m
OpenSSL 1.0.1f 6 Jan 2014
[34m[1mpacker version[0m
Packer v1.0.2

Your version of Packer is out of date! The latest version
is 1.1.2. You can update by downloading from www.packer.io
[34m[1mpostgresql client version[0m
psql (PostgreSQL) 9.6.6
[34m[1mragel version[0m
Ragel State Machine Compiler version 6.8 Feb 2013
Copyright (c) 2001-2009 by Adrian Thurston
[34m[1msubversion version[0m
svn, version 1.8.8 (r1568071)
   compiled Aug 10 2017, 17:20:39 on x86_64-pc-linux-gnu

Copyright (C) 2013 The Apache Software Foundation.
This software consists of contributions made by many people;
see the NOTICE file for more information.
Subversion is open source software, see http://subversion.apache.org/

The following repository access (RA) modules are available:

* ra_svn : Module for accessing a repository using the svn network protocol.
  - with Cyrus SASL authentication
  - handles 'svn' scheme
* ra_local : Module for accessing a repository on local disk.
  - handles 'file' scheme
* ra_serf : Module for accessing a repository via WebDAV protocol using serf.
  - using serf 1.3.3
  - handles 'http' scheme
  - handles 'https' scheme

[34m[1msudo version[0m
Sudo version 1.8.9p5
Configure options: --prefix=/usr -v --with-all-insults --with-pam --with-fqdn --with-logging=syslog --with-logfac=authpriv --with-env-editor --with-editor=/usr/bin/editor --with-timeout=15 --with-password-timeout=0 --with-passprompt=[sudo] password for %p:  --without-lecture --with-tty-tickets --disable-root-mailer --enable-admin-flag --with-sendmail=/usr/sbin/sendmail --with-timedir=/var/lib/sudo --mandir=/usr/share/man --libexecdir=/usr/lib/sudo --with-sssd --with-sssd-lib=/usr/lib/x86_64-linux-gnu --with-selinux
Sudoers policy plugin version 1.8.9p5
Sudoers file grammar version 43

Sudoers path: /etc/sudoers
Authentication methods: 'pam'
Syslog facility if syslog is being used for logging: authpriv
Syslog priority to use when user authenticates successfully: notice
Syslog priority to use when user authenticates unsuccessfully: alert
Send mail if the user is not in sudoers
Use a separate timestamp for each user/tty combo
Lecture user the first time they run sudo
Root may run sudo
Allow some information gathering to give useful error messages
Require fully-qualified hostnames in the sudoers file
Visudo will honor the EDITOR environment variable
Set the LOGNAME and USER environment variables
Length at which to wrap log file lines (0 for no wrap): 80
Authentication timestamp timeout: 15.0 minutes
Password prompt timeout: 0.0 minutes
Number of tries to enter a password: 3
Umask to use or 0777 to use user's: 022
Path to mail program: /usr/sbin/sendmail
Flags for mail program: -t
Address to send mail to: root
Subject line for mail messages: *** SECURITY information for %h ***
Incorrect password message: Sorry, try again.
Path to authentication timestamp dir: /var/lib/sudo
Default password prompt: [sudo] password for %p: 
Default user to run commands as: root
Value to override user's $PATH with: /usr/local/sbin:/usr/local/bin:/usr/sbin:/usr/bin:/sbin:/bin:/snap/bin
Path to the editor for use by visudo: /usr/bin/editor
When to require a password for 'list' pseudocommand: any
When to require a password for 'verify' pseudocommand: all
File descriptors >= 3 will be closed before executing a command
Environment variables to check for sanity:
	TZ
	TERM
	LINGUAS
	LC_*
	LANGUAGE
	LANG
	COLORTERM
Environment variables to remove:
	RUBYOPT
	RUBYLIB
	PYTHONUSERBASE
	PYTHONINSPECT
	PYTHONPATH
	PYTHONHOME
	TMPPREFIX
	ZDOTDIR
	READNULLCMD
	NULLCMD
	FPATH
	PERL5DB
	PERL5OPT
	PERL5LIB
	PERLLIB
	PERLIO_DEBUG 
	JAVA_TOOL_OPTIONS
	SHELLOPTS
	GLOBIGNORE
	PS4
	BASH_ENV
	ENV
	TERMCAP
	TERMPATH
	TERMINFO_DIRS
	TERMINFO
	_RLD*
	LD_*
	PATH_LOCALE
	NLSPATH
	HOSTALIASES
	RES_OPTIONS
	LOCALDOMAIN
	CDPATH
	IFS
Environment variables to preserve:
	JAVA_HOME
	TRAVIS
	CI
	DEBIAN_FRONTEND
	XAUTHORIZATION
	XAUTHORITY
	PS2
	PS1
	PATH
	LS_COLORS
	KRB5CCNAME
	HOSTNAME
	HOME
	DISPLAY
	COLORS
Locale to use while parsing sudoers: C
Directory in which to store input/output logs: /var/log/sudo-io
File in which to store the input/output log: %{seq}
Add an entry to the utmp/utmpx file when allocating a pty
PAM service name to use
PAM service name to use for login shells
Create a new PAM session for the command to run in
Maximum I/O log sequence number: 0

Local IP address and netmask pairs:
	172.17.0.2/255.255.0.0

Sudoers I/O plugin version 1.8.9p5
[34m[1mgzip version[0m
gzip 1.6
Copyright (C) 2007, 2010, 2011 Free Software Foundation, Inc.
Copyright (C) 1993 Jean-loup Gailly.
This is free software.  You may redistribute copies of it under the terms of
the GNU General Public License <http://www.gnu.org/licenses/gpl.html>.
There is NO WARRANTY, to the extent permitted by law.

Written by Jean-loup Gailly.
[34m[1mzip version[0m
Copyright (c) 1990-2008 Info-ZIP - Type 'zip "-L"' for software license.
This is Zip 3.0 (July 5th 2008), by Info-ZIP.
Currently maintained by E. Gordon.  Please send bug reports to
the authors using the web page at www.info-zip.org; see README for details.

Latest sources and executables are at ftp://ftp.info-zip.org/pub/infozip,
as of above date; see http://www.info-zip.org/ for other sites.

Compiled with gcc 4.8.2 for Unix (Linux ELF) on Oct 21 2013.

Zip special compilation options:
	USE_EF_UT_TIME       (store Universal Time)
	BZIP2_SUPPORT        (bzip2 library version 1.0.6, 6-Sept-2010)
	    bzip2 code and library copyright (c) Julian R Seward
	    (See the bzip2 license for terms of use)
	SYMLINK_SUPPORT      (symbolic links supported)
	LARGE_FILE_SUPPORT   (can read and write large files on file system)
	ZIP64_SUPPORT        (use Zip64 to store large files in archives)
	UNICODE_SUPPORT      (store and read UTF-8 Unicode paths)
	STORE_UNIX_UIDs_GIDs (store UID/GID sizes/values using new extra field)
	UIDGID_NOT_16BIT     (old Unix 16-bit UID/GID extra field not used)
	[encryption, version 2.91 of 05 Jan 2007] (modified for Zip 3)

Encryption notice:
	The encryption code of this program is not copyrighted and is
	put in the public domain.  It was originally written in Europe
	and, to the best of our knowledge, can be freely distributed
	in both source and object forms from any country, including
	the USA under License Exception TSU of the U.S. Export
	Administration Regulations (section 740.13(e)) of 6 June 2002.

Zip environment options:
             ZIP:  [none]
          ZIPOPT:  [none]
[34m[1mvim version[0m
VIM - Vi IMproved 7.4 (2013 Aug 10, compiled Nov 24 2016 16:43:18)
Included patches: 1-52
Extra patches: 8.0.0056
Modified by pkg-vim-maintainers@lists.alioth.debian.org
Compiled by buildd@
Huge version without GUI.  Features included (+) or not (-):
+acl             +farsi           +mouse_netterm   +syntax
+arabic          +file_in_path    +mouse_sgr       +tag_binary
+autocmd         +find_in_path    -mouse_sysmouse  +tag_old_static
-balloon_eval    +float           +mouse_urxvt     -tag_any_white
-browse          +folding         +mouse_xterm     -tcl
++builtin_terms  -footer          +multi_byte      +terminfo
+byte_offset     +fork()          +multi_lang      +termresponse
+cindent         +gettext         -mzscheme        +textobjects
-clientserver    -hangul_input    +netbeans_intg   +title
-clipboard       +iconv           +path_extra      -toolbar
+cmdline_compl   +insert_expand   -perl            +user_commands
+cmdline_hist    +jumplist        +persistent_undo +vertsplit
+cmdline_info    +keymap          +postscript      +virtualedit
+comments        +langmap         +printer         +visual
+conceal         +libcall         +profile         +visualextra
+cryptv          +linebreak       +python          +viminfo
+cscope          +lispindent      -python3         +vreplace
+cursorbind      +listcmds        +quickfix        +wildignore
+cursorshape     +localmap        +reltime         +wildmenu
+dialog_con      -lua             +rightleft       +windows
+diff            +menu            -ruby            +writebackup
+digraphs        +mksession       +scrollbind      -X11
-dnd             +modify_fname    +signs           -xfontset
-ebcdic          +mouse           +smartindent     -xim
+emacs_tags      -mouseshape      -sniff           -xsmp
+eval            +mouse_dec       +startuptime     -xterm_clipboard
+ex_extra        +mouse_gpm       +statusline      -xterm_save
+extra_search    -mouse_jsbterm   -sun_workshop    -xpm
   system vimrc file: "$VIM/vimrc"
     user vimrc file: "$HOME/.vimrc"
 2nd user vimrc file: "~/.vim/vimrc"
      user exrc file: "$HOME/.exrc"
  fall-back for $VIM: "/usr/share/vim"
Compilation: gcc -c -I. -Iproto -DHAVE_CONFIG_H     -g -O2 -fstack-protector --param=ssp-buffer-size=4 -Wformat -Werror=format-security -U_FORTIFY_SOURCE -D_FORTIFY_SOURCE=1      
Linking: gcc   -Wl,-Bsymbolic-functions -Wl,-z,relro -Wl,--as-needed -o vim        -lm -ltinfo -lnsl  -lselinux  -lacl -lattr -lgpm -ldl    -L/usr/lib/python2.7/config-x86_64-linux-gnu -lpython2.7 -lpthread -ldl -lutil -lm -Xlinker -export-dynamic -Wl,-O1 -Wl,-Bsymbolic-functions      
[34m[1miptables version[0m
iptables v1.4.21
[34m[1mcurl version[0m
curl 7.35.0 (x86_64-pc-linux-gnu) libcurl/7.35.0 OpenSSL/1.0.1f zlib/1.2.8 libidn/1.28 librtmp/2.3
[34m[1mwget version[0m
GNU Wget 1.15 built on linux-gnu.
[34m[1mrsync version[0m
rsync  version 3.1.0  protocol version 31
[34m[1mgimme version[0m
v1.2.0
[34m[1mnvm version[0m
0.33.6
[34m[1mperlbrew version[0m
/home/travis/perl5/perlbrew/bin/perlbrew  - App::perlbrew/0.80
[34m[1mphpenv version[0m
rbenv 1.1.1-25-g6aa70b6
[34m[1mrvm version[0m
rvm 1.29.3 (latest) by Michal Papis, Piotr Kuczynski, Wayne E. Seguin [https://rvm.io]
[34m[1mdefault ruby version[0m
ruby 2.4.1p111 (2017-03-22 revision 58053) [x86_64-linux]
[34m[1mCouchDB version[0m
couchdb 1.6.1
[34m[1mElasticSearch version[0m
5.5.0
[34m[1mInstalled Firefox version[0m
firefox 56.0.2
[34m[1mMongoDB version[0m
MongoDB 3.4.10
[34m[1mPhantomJS version[0m
2.1.1
[34m[1mPre-installed PostgreSQL versions[0m
9.2.24
9.3.20
9.4.15
9.5.10
9.6.6
[34m[1mRabbitMQ Version[0m
3.6.14
[34m[1mRedis version[0m
redis-server 4.0.6
[34m[1mriak version[0m
2.2.3
[34m[1mPre-installed Go versions[0m
1.7.4
[34m[1mant version[0m
Apache Ant(TM) version 1.9.3 compiled on April 8 2014
[34m[1mmvn version[0m
Apache Maven 3.5.2 (138edd61fd100ec658bfa2d307c43b76940a5d7d; 2017-10-18T07:58:13Z)
Maven home: /usr/local/maven-3.5.2
Java version: 1.8.0_151, vendor: Oracle Corporation
Java home: /usr/lib/jvm/java-8-oracle/jre
Default locale: en_US, platform encoding: UTF-8
OS name: "linux", version: "4.4.0-101-generic", arch: "amd64", family: "unix"
[34m[1mgradle version[0m

------------------------------------------------------------
Gradle 4.0.1
------------------------------------------------------------

Build time:   2017-07-07 14:02:41 UTC
Revision:     38e5dc0f772daecca1d2681885d3d85414eb6826

Groovy:       2.4.11
Ant:          Apache Ant(TM) version 1.9.6 compiled on June 29 2015
JVM:          1.8.0_151 (Oracle Corporation 25.151-b12)
OS:           Linux 4.4.0-101-generic amd64

[34m[1mlein version[0m
Leiningen 2.8.1 on Java 1.8.0_151 Java HotSpot(TM) 64-Bit Server VM
[34m[1mPre-installed Node.js versions[0m
v4.8.6
v6.12.0
v6.12.1
v8.9
v8.9.1
[34m[1mphpenv versions[0m
  system
  5.6
* 5.6.32 (set by /home/travis/.phpenv/version)
  7.0
  7.0.25
  7.1
  7.1.11
  hhvm
  hhvm-stable
[34m[1mcomposer --version[0m
Composer version 1.5.2 2017-09-11 16:59:25
[34m[1mPre-installed Ruby versions[0m
ruby-2.2.7
ruby-2.3.4
ruby-2.4.1
travis_fold:end:system_info[0K
[32;1mNetwork availability confirmed.[0m

$ jdk_switcher use oraclejdk8
Switching to Oracle JDK8 (java-8-oracle), JAVA_HOME will be set to /usr/lib/jvm/java-8-oracle

travis_fold:start:git.checkout[0Ktravis_time:start:166bd935[0K$ git clone --depth=50 --branch=jakew/okhttp/2018-07-13 https://github.com/square/retrofit.git square/retrofit
Cloning into 'square/retrofit'...

travis_time:end:166bd935:start=1531495059588530405,finish=1531495060888453465,duration=1299923060[0K$ cd square/retrofit
$ git checkout -qf 450464cec1dd200108fa39e578b1eca53090dbc4
travis_fold:end:git.checkout[0K
[33;1mSetting environment variables from .travis.yml[0m
$ export CI_DEPLOY_USERNAME=[secure]
$ export CI_DEPLOY_PASSWORD=[secure]

[33;1mDisabling Gradle daemon[0m
$ mkdir -p ~/.gradle && echo "org.gradle.daemon=false" >> ~/.gradle/gradle.properties
travis_fold:start:cache.1[0KSetting up build cache
$ export CASHER_DIR=$HOME/.casher
travis_time:start:13014ec0[0K$ Installing caching utilities

travis_time:end:13014ec0:start=1531495066152075526,finish=1531495066208249700,duration=56174174[0Ktravis_time:start:04a0e55e[0K
travis_time:end:04a0e55e:start=1531495066218314788,finish=1531495066224468749,duration=6153961[0Ktravis_time:start:0db18be8[0K[32;1mattempting to download cache archive[0m
[32;1mfetching jakewokhttp2018-07-13/cache-linux-trusty-e3b0c44298fc1c149afbf4c8996fb92427ae41e4649b934ca495991b7852b855--jdk-oraclejdk8.tgz[0m
[32;1mfetching jakewokhttp2018-07-13/cache--jdk-oraclejdk8.tgz[0m
[32;1mfetching master/cache-linux-trusty-e3b0c44298fc1c149afbf4c8996fb92427ae41e4649b934ca495991b7852b855--jdk-oraclejdk8.tgz[0m
[32;1mfound cache[0m

travis_time:end:0db18be8:start=1531495066231625655,finish=1531495073748672626,duration=7517046971[0Ktravis_time:start:1e5a0842[0K
travis_time:end:1e5a0842:start=1531495073754764229,finish=1531495073759902122,duration=5137893[0Ktravis_time:start:02a04d18[0K[32;1madding /home/travis/.m2 to cache[0m

travis_time:end:02a04d18:start=1531495073764444510,finish=1531495077470506768,duration=3706062258[0Ktravis_fold:end:cache.1[0K$ java -Xmx32m -version
Picked up _JAVA_OPTIONS: -Xmx2048m -Xms512m
java version "1.8.0_151"
Java(TM) SE Runtime Environment (build 1.8.0_151-b12)
Java HotSpot(TM) 64-Bit Server VM (build 25.151-b12, mixed mode)
$ javac -J-Xmx32m -version
Picked up _JAVA_OPTIONS: -Xmx2048m -Xms512m
javac 1.8.0_151
travis_fold:start:install[0Ktravis_time:start:32ef2f5a[0K$ mvn install -DskipTests=true -Dmaven.javadoc.skip=true -B -V
Picked up _JAVA_OPTIONS: -Xmx2048m -Xms512m
Apache Maven 3.5.2 (138edd61fd100ec658bfa2d307c43b76940a5d7d; 2017-10-18T07:58:13Z)
Maven home: /usr/local/maven-3.5.2
Java version: 1.8.0_151, vendor: Oracle Corporation
Java home: /usr/lib/jvm/java-8-oracle/jre
Default locale: en_US, platform encoding: UTF-8
OS name: "linux", version: "4.4.0-112-generic", arch: "amd64", family: "unix"
[INFO] Scanning for projects...
[WARNING] 
[WARNING] Some problems were encountered while building the effective model for com.squareup.retrofit2:retrofit:jar:2.4.1-SNAPSHOT
[WARNING] 'build.plugins.plugin.version' for org.apache.maven.plugins:maven-jar-plugin is missing. @ com.squareup.retrofit2:retrofit:[unknown-version], /home/travis/build/square/retrofit/retrofit/pom.xml, line 73, column 15
[WARNING] 
[WARNING] Some problems were encountered while building the effective model for com.squareup.retrofit2:adapter-guava:jar:2.4.1-SNAPSHOT
[WARNING] 'build.plugins.plugin.version' for org.apache.maven.plugins:maven-jar-plugin is missing. @ com.squareup.retrofit2:adapter-guava:[unknown-version], /home/travis/build/square/retrofit/retrofit-adapters/guava/pom.xml, line 51, column 15
[WARNING] 
[WARNING] Some problems were encountered while building the effective model for com.squareup.retrofit2:adapter-java8:jar:2.4.1-SNAPSHOT
[WARNING] 'build.plugins.plugin.version' for org.apache.maven.plugins:maven-jar-plugin is missing. @ com.squareup.retrofit2:adapter-java8:[unknown-version], /home/travis/build/square/retrofit/retrofit-adapters/java8/pom.xml, line 68, column 15
[WARNING] 
[WARNING] Some problems were encountered while building the effective model for com.squareup.retrofit2:adapter-rxjava:jar:2.4.1-SNAPSHOT
[WARNING] 'build.plugins.plugin.version' for org.apache.maven.plugins:maven-jar-plugin is missing. @ com.squareup.retrofit2:adapter-rxjava:[unknown-version], /home/travis/build/square/retrofit/retrofit-adapters/rxjava/pom.xml, line 56, column 15
[WARNING] 
[WARNING] Some problems were encountered while building the effective model for com.squareup.retrofit2:adapter-rxjava2:jar:2.4.1-SNAPSHOT
[WARNING] 'build.plugins.plugin.version' for org.apache.maven.plugins:maven-jar-plugin is missing. @ com.squareup.retrofit2:adapter-rxjava2:[unknown-version], /home/travis/build/square/retrofit/retrofit-adapters/rxjava2/pom.xml, line 56, column 15
[WARNING] 
[WARNING] Some problems were encountered while building the effective model for com.squareup.retrofit2:adapter-scala:jar:2.4.1-SNAPSHOT
[WARNING] 'build.plugins.plugin.version' for org.apache.maven.plugins:maven-jar-plugin is missing. @ com.squareup.retrofit2:adapter-scala:[unknown-version], /home/travis/build/square/retrofit/retrofit-adapters/scala/pom.xml, line 72, column 15
[WARNING] 
[WARNING] Some problems were encountered while building the effective model for com.squareup.retrofit2:converter-gson:jar:2.4.1-SNAPSHOT
[WARNING] 'build.plugins.plugin.version' for org.apache.maven.plugins:maven-jar-plugin is missing. @ com.squareup.retrofit2:converter-gson:[unknown-version], /home/travis/build/square/retrofit/retrofit-converters/gson/pom.xml, line 51, column 15
[WARNING] 
[WARNING] Some problems were encountered while building the effective model for com.squareup.retrofit2:converter-guava:jar:2.4.1-SNAPSHOT
[WARNING] 'build.plugins.plugin.version' for org.apache.maven.plugins:maven-jar-plugin is missing. @ com.squareup.retrofit2:converter-guava:[unknown-version], /home/travis/build/square/retrofit/retrofit-converters/guava/pom.xml, line 51, column 15
[WARNING] 
[WARNING] Some problems were encountered while building the effective model for com.squareup.retrofit2:converter-protobuf:jar:2.4.1-SNAPSHOT
[WARNING] 'build.plugins.plugin.version' for org.apache.maven.plugins:maven-jar-plugin is missing. @ com.squareup.retrofit2:converter-protobuf:[unknown-version], /home/travis/build/square/retrofit/retrofit-converters/protobuf/pom.xml, line 51, column 15
[WARNING] 
[WARNING] Some problems were encountered while building the effective model for com.squareup.retrofit2:converter-jackson:jar:2.4.1-SNAPSHOT
[WARNING] 'build.plugins.plugin.version' for org.apache.maven.plugins:maven-jar-plugin is missing. @ com.squareup.retrofit2:converter-jackson:[unknown-version], /home/travis/build/square/retrofit/retrofit-converters/jackson/pom.xml, line 51, column 15
[WARNING] 
[WARNING] Some problems were encountered while building the effective model for com.squareup.retrofit2:converter-java8:jar:2.4.1-SNAPSHOT
[WARNING] 'build.plugins.plugin.version' for org.apache.maven.plugins:maven-jar-plugin is missing. @ com.squareup.retrofit2:converter-java8:[unknown-version], /home/travis/build/square/retrofit/retrofit-converters/java8/pom.xml, line 63, column 15
[WARNING] 
[WARNING] Some problems were encountered while building the effective model for com.squareup.retrofit2:converter-wire:jar:2.4.1-SNAPSHOT
[WARNING] 'build.plugins.plugin.version' for org.apache.maven.plugins:maven-jar-plugin is missing. @ com.squareup.retrofit2:converter-wire:[unknown-version], /home/travis/build/square/retrofit/retrofit-converters/wire/pom.xml, line 62, column 15
[WARNING] 
[WARNING] Some problems were encountered while building the effective model for com.squareup.retrofit2:converter-simplexml:jar:2.4.1-SNAPSHOT
[WARNING] 'build.plugins.plugin.version' for org.apache.maven.plugins:maven-jar-plugin is missing. @ com.squareup.retrofit2:converter-simplexml:[unknown-version], /home/travis/build/square/retrofit/retrofit-converters/simplexml/pom.xml, line 51, column 15
[WARNING] 
[WARNING] Some problems were encountered while building the effective model for com.squareup.retrofit2:converter-scalars:jar:2.4.1-SNAPSHOT
[WARNING] 'build.plugins.plugin.version' for org.apache.maven.plugins:maven-jar-plugin is missing. @ com.squareup.retrofit2:converter-scalars:[unknown-version], /home/travis/build/square/retrofit/retrofit-converters/scalars/pom.xml, line 47, column 15
[WARNING] 
[WARNING] Some problems were encountered while building the effective model for com.squareup.retrofit2:converter-moshi:jar:2.4.1-SNAPSHOT
[WARNING] 'build.plugins.plugin.version' for org.apache.maven.plugins:maven-jar-plugin is missing. @ com.squareup.retrofit2:converter-moshi:[unknown-version], /home/travis/build/square/retrofit/retrofit-converters/moshi/pom.xml, line 51, column 15
[WARNING] 
[WARNING] Some problems were encountered while building the effective model for com.squareup.retrofit2:converter-jaxb:jar:2.4.1-SNAPSHOT
[WARNING] 'build.plugins.plugin.version' for org.apache.maven.plugins:maven-jar-plugin is missing. @ com.squareup.retrofit2:converter-jaxb:[unknown-version], /home/travis/build/square/retrofit/retrofit-converters/jaxb/pom.xml, line 51, column 15
[WARNING] 
[WARNING] Some problems were encountered while building the effective model for com.squareup.retrofit2:retrofit-mock:jar:2.4.1-SNAPSHOT
[WARNING] 'build.plugins.plugin.version' for org.apache.maven.plugins:maven-jar-plugin is missing. @ com.squareup.retrofit2:retrofit-mock:[unknown-version], /home/travis/build/square/retrofit/retrofit-mock/pom.xml, line 47, column 15
[WARNING] 
[WARNING] Some problems were encountered while building the effective model for com.squareup.retrofit2:samples:jar:2.4.1-SNAPSHOT
[WARNING] 'build.plugins.plugin.version' for org.apache.maven.plugins:maven-deploy-plugin is missing. @ com.squareup.retrofit2:samples:[unknown-version], /home/travis/build/square/retrofit/samples/pom.xml, line 65, column 15
[WARNING] 
[WARNING] It is highly recommended to fix these problems because they threaten the stability of your build.
[WARNING] 
[WARNING] For this reason, future Maven versions might no longer support building such malformed projects.
[WARNING] 
[INFO] ------------------------------------------------------------------------
[INFO] Reactor Build Order:
[INFO] 
[INFO] Retrofit (Parent)
[INFO] Retrofit
[INFO] Adapters
[INFO] Adapter: Guava
[INFO] Adapter: Java 8
[INFO] Adapter: RxJava
[INFO] Adapter: RxJava 2
[INFO] Adapter: Scala
[INFO] Converters
[INFO] Converter: Gson
[INFO] Converter: Guava
[INFO] Converter: Protocol Buffers
[INFO] Converter: Jackson
[INFO] Converter: Java 8
[INFO] Converter: Wire Protocol Buffers
[INFO] Converter: SimpleXML
[INFO] Converter: Java Scalars
[INFO] Converter: Moshi
[INFO] Converter: JAXB
[INFO] Retrofit Mock Adapter
[INFO] Samples
[INFO] 
[INFO] ------------------------------------------------------------------------
[INFO] Building Retrofit (Parent) 2.4.1-SNAPSHOT
[INFO] ------------------------------------------------------------------------
[INFO] 
[INFO] --- maven-enforcer-plugin:1.0:enforce (enforce-maven) @ parent ---
[INFO] 
[INFO] --- animal-sniffer-maven-plugin:1.14:check (default) @ parent ---
[INFO] Checking unresolved references to org.codehaus.mojo.signature:java16:1.1
[INFO] 
[INFO] --- maven-javadoc-plugin:2.10.3:jar (attach-javadocs) @ parent ---
[INFO] Skipping javadoc generation
[INFO] 
[INFO] --- maven-checkstyle-plugin:2.17:checkstyle (default) @ parent ---
[INFO] 
[INFO] --- maven-install-plugin:2.4:install (default-install) @ parent ---
[INFO] Installing /home/travis/build/square/retrofit/pom.xml to /home/travis/.m2/repository/com/squareup/retrofit2/parent/2.4.1-SNAPSHOT/parent-2.4.1-SNAPSHOT.pom
[INFO] 
[INFO] ------------------------------------------------------------------------
[INFO] Building Retrofit 2.4.1-SNAPSHOT
[INFO] ------------------------------------------------------------------------
[INFO] Downloading from central: http://repo.maven.apache.org/maven2/com/squareup/okhttp3/okhttp/3.11.0/okhttp-3.11.0.pom
[INFO] Downloaded from central: http://repo.maven.apache.org/maven2/com/squareup/okhttp3/okhttp/3.11.0/okhttp-3.11.0.pom (2.3 kB at 15 kB/s)
[INFO] Downloading from central: http://repo.maven.apache.org/maven2/com/squareup/okhttp3/parent/3.11.0/parent-3.11.0.pom
[INFO] Downloaded from central: http://repo.maven.apache.org/maven2/com/squareup/okhttp3/parent/3.11.0/parent-3.11.0.pom (20 kB at 1.1 MB/s)
[INFO] Downloading from central: http://repo.maven.apache.org/maven2/com/squareup/okhttp3/mockwebserver/3.11.0/mockwebserver-3.11.0.pom
[INFO] Downloaded from central: http://repo.maven.apache.org/maven2/com/squareup/okhttp3/mockwebserver/3.11.0/mockwebserver-3.11.0.pom (2.6 kB at 170 kB/s)
[INFO] Downloading from central: http://repo.maven.apache.org/maven2/com/squareup/okhttp3/okhttp/3.11.0/okhttp-3.11.0.jar
[INFO] Downloading from central: http://repo.maven.apache.org/maven2/com/squareup/okhttp3/mockwebserver/3.11.0/mockwebserver-3.11.0.jar
[INFO] Downloaded from central: http://repo.maven.apache.org/maven2/com/squareup/okhttp3/mockwebserver/3.11.0/mockwebserver-3.11.0.jar (37 kB at 766 kB/s)
[INFO] Downloaded from central: http://repo.maven.apache.org/maven2/com/squareup/okhttp3/okhttp/3.11.0/okhttp-3.11.0.jar (414 kB at 6.9 MB/s)
[INFO] 
[INFO] --- maven-enforcer-plugin:1.0:enforce (enforce-maven) @ retrofit ---
[INFO] 
[INFO] --- maven-resources-plugin:2.6:resources (default-resources) @ retrofit ---
[INFO] Using 'UTF-8' encoding to copy filtered resources.
[INFO] Copying 1 resource
[INFO] 
[INFO] --- maven-compiler-plugin:3.6.1:compile (default-compile) @ retrofit ---
[INFO] Changes detected - recompiling the module!
[INFO] Compiling 44 source files to /home/travis/build/square/retrofit/retrofit/target/classes
Note: Some input files use unchecked or unsafe operations.
Note: Recompile with -Xlint:unchecked for details.
[INFO] 
[INFO] --- maven-resources-plugin:2.6:testResources (default-testResources) @ retrofit ---
[INFO] Using 'UTF-8' encoding to copy filtered resources.
[INFO] skip non existing resourceDirectory /home/travis/build/square/retrofit/retrofit/src/test/resources
[INFO] 
[INFO] --- maven-compiler-plugin:3.6.1:testCompile (default-testCompile) @ retrofit ---
[INFO] Changes detected - recompiling the module!
[INFO] Compiling 16 source files to /home/travis/build/square/retrofit/retrofit/target/test-classes
Note: /home/travis/build/square/retrofit/retrofit/src/test/java/retrofit2/RetrofitTest.java uses unchecked or unsafe operations.
Note: Recompile with -Xlint:unchecked for details.
[INFO] 
[INFO] --- maven-surefire-plugin:2.12.4:test (default-test) @ retrofit ---
[INFO] Tests are skipped.
[INFO] 
[INFO] --- animal-sniffer-maven-plugin:1.14:check (default) @ retrofit ---
[INFO] Checking unresolved references to org.codehaus.mojo.signature:java16:1.1
[INFO] 
[INFO] --- maven-jar-plugin:2.4:jar (default-jar) @ retrofit ---
[INFO] Building jar: /home/travis/build/square/retrofit/retrofit/target/retrofit-2.4.1-SNAPSHOT.jar
[INFO] 
[INFO] --- maven-javadoc-plugin:2.10.3:jar (attach-javadocs) @ retrofit ---
[INFO] Skipping javadoc generation
[INFO] 
[INFO] --- maven-checkstyle-plugin:2.17:checkstyle (default) @ retrofit ---
[INFO] Starting audit...
Audit done.
[WARNING] Unable to locate Source XRef to link to - DISABLED
[INFO] 
[INFO] --- maven-install-plugin:2.4:install (default-install) @ retrofit ---
[INFO] Installing /home/travis/build/square/retrofit/retrofit/target/retrofit-2.4.1-SNAPSHOT.jar to /home/travis/.m2/repository/com/squareup/retrofit2/retrofit/2.4.1-SNAPSHOT/retrofit-2.4.1-SNAPSHOT.jar
[INFO] Installing /home/travis/build/square/retrofit/retrofit/pom.xml to /home/travis/.m2/repository/com/squareup/retrofit2/retrofit/2.4.1-SNAPSHOT/retrofit-2.4.1-SNAPSHOT.pom
[INFO] 
[INFO] ------------------------------------------------------------------------
[INFO] Building Adapters 2.4.1-SNAPSHOT
[INFO] ------------------------------------------------------------------------
[INFO] 
[INFO] --- maven-enforcer-plugin:1.0:enforce (enforce-maven) @ retrofit-adapters ---
[INFO] 
[INFO] --- animal-sniffer-maven-plugin:1.14:check (default) @ retrofit-adapters ---
[INFO] Checking unresolved references to org.codehaus.mojo.signature:java16:1.1
[INFO] 
[INFO] --- maven-javadoc-plugin:2.10.3:jar (attach-javadocs) @ retrofit-adapters ---
[INFO] Skipping javadoc generation
[INFO] 
[INFO] --- maven-checkstyle-plugin:2.17:checkstyle (default) @ retrofit-adapters ---
[INFO] 
[INFO] --- maven-install-plugin:2.4:install (default-install) @ retrofit-adapters ---
[INFO] Installing /home/travis/build/square/retrofit/retrofit-adapters/pom.xml to /home/travis/.m2/repository/com/squareup/retrofit2/retrofit-adapters/2.4.1-SNAPSHOT/retrofit-adapters-2.4.1-SNAPSHOT.pom
[INFO] 
[INFO] ------------------------------------------------------------------------
[INFO] Building Adapter: Guava 2.4.1-SNAPSHOT
[INFO] ------------------------------------------------------------------------
[INFO] 
[INFO] --- maven-enforcer-plugin:1.0:enforce (enforce-maven) @ adapter-guava ---
[INFO] 
[INFO] --- maven-resources-plugin:2.6:resources (default-resources) @ adapter-guava ---
[INFO] Using 'UTF-8' encoding to copy filtered resources.
[INFO] skip non existing resourceDirectory /home/travis/build/square/retrofit/retrofit-adapters/guava/src/main/resources
[INFO] 
[INFO] --- maven-compiler-plugin:3.6.1:compile (default-compile) @ adapter-guava ---
[INFO] Changes detected - recompiling the module!
[INFO] Compiling 3 source files to /home/travis/build/square/retrofit/retrofit-adapters/guava/target/classes
Note: /home/travis/build/square/retrofit/retrofit-adapters/guava/src/main/java/retrofit2/adapter/guava/GuavaCallAdapterFactory.java uses or overrides a deprecated API.
Note: Recompile with -Xlint:deprecation for details.
[INFO] 
[INFO] --- maven-resources-plugin:2.6:testResources (default-testResources) @ adapter-guava ---
[INFO] Using 'UTF-8' encoding to copy filtered resources.
[INFO] skip non existing resourceDirectory /home/travis/build/square/retrofit/retrofit-adapters/guava/src/test/resources
[INFO] 
[INFO] --- maven-compiler-plugin:3.6.1:testCompile (default-testCompile) @ adapter-guava ---
[INFO] Changes detected - recompiling the module!
[INFO] Compiling 3 source files to /home/travis/build/square/retrofit/retrofit-adapters/guava/target/test-classes
Note: /home/travis/build/square/retrofit/retrofit-adapters/guava/src/test/java/retrofit2/adapter/guava/ListenableFutureTest.java uses or overrides a deprecated API.
Note: Recompile with -Xlint:deprecation for details.
[INFO] 
[INFO] --- maven-surefire-plugin:2.12.4:test (default-test) @ adapter-guava ---
[INFO] Tests are skipped.
[INFO] 
[INFO] --- animal-sniffer-maven-plugin:1.14:check (default) @ adapter-guava ---
[INFO] Checking unresolved references to org.codehaus.mojo.signature:java16:1.1
[INFO] 
[INFO] --- maven-jar-plugin:2.4:jar (default-jar) @ adapter-guava ---
[INFO] Building jar: /home/travis/build/square/retrofit/retrofit-adapters/guava/target/adapter-guava-2.4.1-SNAPSHOT.jar
[INFO] 
[INFO] --- maven-javadoc-plugin:2.10.3:jar (attach-javadocs) @ adapter-guava ---
[INFO] Skipping javadoc generation
[INFO] 
[INFO] --- maven-checkstyle-plugin:2.17:checkstyle (default) @ adapter-guava ---
[INFO] Starting audit...
Audit done.
[WARNING] Unable to locate Source XRef to link to - DISABLED
[INFO] 
[INFO] --- maven-install-plugin:2.4:install (default-install) @ adapter-guava ---
[INFO] Installing /home/travis/build/square/retrofit/retrofit-adapters/guava/target/adapter-guava-2.4.1-SNAPSHOT.jar to /home/travis/.m2/repository/com/squareup/retrofit2/adapter-guava/2.4.1-SNAPSHOT/adapter-guava-2.4.1-SNAPSHOT.jar
[INFO] Installing /home/travis/build/square/retrofit/retrofit-adapters/guava/pom.xml to /home/travis/.m2/repository/com/squareup/retrofit2/adapter-guava/2.4.1-SNAPSHOT/adapter-guava-2.4.1-SNAPSHOT.pom
[INFO] 
[INFO] ------------------------------------------------------------------------
[INFO] Building Adapter: Java 8 2.4.1-SNAPSHOT
[INFO] ------------------------------------------------------------------------
[INFO] 
[INFO] --- maven-enforcer-plugin:1.0:enforce (enforce-maven) @ adapter-java8 ---
[INFO] 
[INFO] --- maven-resources-plugin:2.6:resources (default-resources) @ adapter-java8 ---
[INFO] Using 'UTF-8' encoding to copy filtered resources.
[INFO] skip non existing resourceDirectory /home/travis/build/square/retrofit/retrofit-adapters/java8/src/main/resources
[INFO] 
[INFO] --- maven-compiler-plugin:3.6.1:compile (default-compile) @ adapter-java8 ---
[INFO] Changes detected - recompiling the module!
[INFO] Compiling 3 source files to /home/travis/build/square/retrofit/retrofit-adapters/java8/target/classes
Note: /home/travis/build/square/retrofit/retrofit-adapters/java8/src/main/java/retrofit2/adapter/java8/Java8CallAdapterFactory.java uses or overrides a deprecated API.
Note: Recompile with -Xlint:deprecation for details.
[INFO] 
[INFO] --- maven-resources-plugin:2.6:testResources (default-testResources) @ adapter-java8 ---
[INFO] Using 'UTF-8' encoding to copy filtered resources.
[INFO] skip non existing resourceDirectory /home/travis/build/square/retrofit/retrofit-adapters/java8/src/test/resources
[INFO] 
[INFO] --- maven-compiler-plugin:3.6.1:testCompile (default-testCompile) @ adapter-java8 ---
[INFO] Changes detected - recompiling the module!
[INFO] Compiling 3 source files to /home/travis/build/square/retrofit/retrofit-adapters/java8/target/test-classes
Note: /home/travis/build/square/retrofit/retrofit-adapters/java8/src/test/java/retrofit2/adapter/java8/CompletableFutureTest.java uses or overrides a deprecated API.
Note: Recompile with -Xlint:deprecation for details.
[INFO] 
[INFO] --- maven-surefire-plugin:2.12.4:test (default-test) @ adapter-java8 ---
[INFO] Tests are skipped.
[INFO] 
[INFO] --- animal-sniffer-maven-plugin:1.14:check (default) @ adapter-java8 ---
[INFO] Checking unresolved references to org.kaazing.mojo.signature:java18:1.0
[INFO] 
[INFO] --- maven-jar-plugin:2.4:jar (default-jar) @ adapter-java8 ---
[INFO] Building jar: /home/travis/build/square/retrofit/retrofit-adapters/java8/target/adapter-java8-2.4.1-SNAPSHOT.jar
[INFO] 
[INFO] --- maven-javadoc-plugin:2.10.3:jar (attach-javadocs) @ adapter-java8 ---
[INFO] Skipping javadoc generation
[INFO] 
[INFO] --- maven-checkstyle-plugin:2.17:checkstyle (default) @ adapter-java8 ---
[INFO] Starting audit...
Audit done.
[WARNING] Unable to locate Source XRef to link to - DISABLED
[INFO] 
[INFO] --- maven-install-plugin:2.4:install (default-install) @ adapter-java8 ---
[INFO] Installing /home/travis/build/square/retrofit/retrofit-adapters/java8/target/adapter-java8-2.4.1-SNAPSHOT.jar to /home/travis/.m2/repository/com/squareup/retrofit2/adapter-java8/2.4.1-SNAPSHOT/adapter-java8-2.4.1-SNAPSHOT.jar
[INFO] Installing /home/travis/build/square/retrofit/retrofit-adapters/java8/pom.xml to /home/travis/.m2/repository/com/squareup/retrofit2/adapter-java8/2.4.1-SNAPSHOT/adapter-java8-2.4.1-SNAPSHOT.pom
[INFO] 
[INFO] ------------------------------------------------------------------------
[INFO] Building Adapter: RxJava 2.4.1-SNAPSHOT
[INFO] ------------------------------------------------------------------------
[INFO] 
[INFO] --- maven-enforcer-plugin:1.0:enforce (enforce-maven) @ adapter-rxjava ---
[INFO] 
[INFO] --- maven-resources-plugin:2.6:resources (default-resources) @ adapter-rxjava ---
[INFO] Using 'UTF-8' encoding to copy filtered resources.
[INFO] skip non existing resourceDirectory /home/travis/build/square/retrofit/retrofit-adapters/rxjava/src/main/resources
[INFO] 
[INFO] --- maven-compiler-plugin:3.6.1:compile (default-compile) @ adapter-rxjava ---
[INFO] Changes detected - recompiling the module!
[INFO] Compiling 10 source files to /home/travis/build/square/retrofit/retrofit-adapters/rxjava/target/classes
Note: Some input files use or override a deprecated API.
Note: Recompile with -Xlint:deprecation for details.
[INFO] 
[INFO] --- maven-resources-plugin:2.6:testResources (default-testResources) @ adapter-rxjava ---
[INFO] Using 'UTF-8' encoding to copy filtered resources.
[INFO] skip non existing resourceDirectory /home/travis/build/square/retrofit/retrofit-adapters/rxjava/src/test/resources
[INFO] 
[INFO] --- maven-compiler-plugin:3.6.1:testCompile (default-testCompile) @ adapter-rxjava ---
[INFO] Changes detected - recompiling the module!
[INFO] Compiling 19 source files to /home/travis/build/square/retrofit/retrofit-adapters/rxjava/target/test-classes
Note: Some input files use or override a deprecated API.
Note: Recompile with -Xlint:deprecation for details.
[INFO] 
[INFO] --- maven-surefire-plugin:2.12.4:test (default-test) @ adapter-rxjava ---
[INFO] Tests are skipped.
[INFO] 
[INFO] --- animal-sniffer-maven-plugin:1.14:check (default) @ adapter-rxjava ---
[INFO] Checking unresolved references to org.codehaus.mojo.signature:java16:1.1
[INFO] 
[INFO] --- maven-jar-plugin:2.4:jar (default-jar) @ adapter-rxjava ---
[INFO] Building jar: /home/travis/build/square/retrofit/retrofit-adapters/rxjava/target/adapter-rxjava-2.4.1-SNAPSHOT.jar
[INFO] 
[INFO] --- maven-javadoc-plugin:2.10.3:jar (attach-javadocs) @ adapter-rxjava ---
[INFO] Skipping javadoc generation
[INFO] 
[INFO] --- maven-checkstyle-plugin:2.17:checkstyle (default) @ adapter-rxjava ---
[INFO] Starting audit...
Audit done.
[WARNING] Unable to locate Source XRef to link to - DISABLED
[INFO] 
[INFO] --- maven-install-plugin:2.4:install (default-install) @ adapter-rxjava ---
[INFO] Installing /home/travis/build/square/retrofit/retrofit-adapters/rxjava/target/adapter-rxjava-2.4.1-SNAPSHOT.jar to /home/travis/.m2/repository/com/squareup/retrofit2/adapter-rxjava/2.4.1-SNAPSHOT/adapter-rxjava-2.4.1-SNAPSHOT.jar
[INFO] Installing /home/travis/build/square/retrofit/retrofit-adapters/rxjava/pom.xml to /home/travis/.m2/repository/com/squareup/retrofit2/adapter-rxjava/2.4.1-SNAPSHOT/adapter-rxjava-2.4.1-SNAPSHOT.pom
[INFO] 
[INFO] ------------------------------------------------------------------------
[INFO] Building Adapter: RxJava 2 2.4.1-SNAPSHOT
[INFO] ------------------------------------------------------------------------
[INFO] 
[INFO] --- maven-enforcer-plugin:1.0:enforce (enforce-maven) @ adapter-rxjava2 ---
[INFO] 
[INFO] --- maven-resources-plugin:2.6:resources (default-resources) @ adapter-rxjava2 ---
[INFO] Using 'UTF-8' encoding to copy filtered resources.
[INFO] skip non existing resourceDirectory /home/travis/build/square/retrofit/retrofit-adapters/rxjava2/src/main/resources
[INFO] 
[INFO] --- maven-compiler-plugin:3.6.1:compile (default-compile) @ adapter-rxjava2 ---
[INFO] Changes detected - recompiling the module!
[INFO] Compiling 9 source files to /home/travis/build/square/retrofit/retrofit-adapters/rxjava2/target/classes
Note: /home/travis/build/square/retrofit/retrofit-adapters/rxjava2/src/main/java/retrofit2/adapter/rxjava2/BodyObservable.java uses or overrides a deprecated API.
Note: Recompile with -Xlint:deprecation for details.
[INFO] 
[INFO] --- maven-resources-plugin:2.6:testResources (default-testResources) @ adapter-rxjava2 ---
[INFO] Using 'UTF-8' encoding to copy filtered resources.
[INFO] skip non existing resourceDirectory /home/travis/build/square/retrofit/retrofit-adapters/rxjava2/src/test/resources
[INFO] 
[INFO] --- maven-compiler-plugin:3.6.1:testCompile (default-testCompile) @ adapter-rxjava2 ---
[INFO] Changes detected - recompiling the module!
[INFO] Compiling 27 source files to /home/travis/build/square/retrofit/retrofit-adapters/rxjava2/target/test-classes
Note: Some input files use or override a deprecated API.
Note: Recompile with -Xlint:deprecation for details.
[INFO] 
[INFO] --- maven-surefire-plugin:2.12.4:test (default-test) @ adapter-rxjava2 ---
[INFO] Tests are skipped.
[INFO] 
[INFO] --- animal-sniffer-maven-plugin:1.14:check (default) @ adapter-rxjava2 ---
[INFO] Checking unresolved references to org.codehaus.mojo.signature:java16:1.1
[INFO] 
[INFO] --- maven-jar-plugin:2.4:jar (default-jar) @ adapter-rxjava2 ---
[INFO] Building jar: /home/travis/build/square/retrofit/retrofit-adapters/rxjava2/target/adapter-rxjava2-2.4.1-SNAPSHOT.jar
[INFO] 
[INFO] --- maven-javadoc-plugin:2.10.3:jar (attach-javadocs) @ adapter-rxjava2 ---
[INFO] Skipping javadoc generation
[INFO] 
[INFO] --- maven-checkstyle-plugin:2.17:checkstyle (default) @ adapter-rxjava2 ---
[INFO] Starting audit...
Audit done.
[WARNING] Unable to locate Source XRef to link to - DISABLED
[INFO] 
[INFO] --- maven-install-plugin:2.4:install (default-install) @ adapter-rxjava2 ---
[INFO] Installing /home/travis/build/square/retrofit/retrofit-adapters/rxjava2/target/adapter-rxjava2-2.4.1-SNAPSHOT.jar to /home/travis/.m2/repository/com/squareup/retrofit2/adapter-rxjava2/2.4.1-SNAPSHOT/adapter-rxjava2-2.4.1-SNAPSHOT.jar
[INFO] Installing /home/travis/build/square/retrofit/retrofit-adapters/rxjava2/pom.xml to /home/travis/.m2/repository/com/squareup/retrofit2/adapter-rxjava2/2.4.1-SNAPSHOT/adapter-rxjava2-2.4.1-SNAPSHOT.pom
[INFO] 
[INFO] ------------------------------------------------------------------------
[INFO] Building Adapter: Scala 2.4.1-SNAPSHOT
[INFO] ------------------------------------------------------------------------
[INFO] 
[INFO] --- maven-enforcer-plugin:1.0:enforce (enforce-maven) @ adapter-scala ---
[INFO] 
[INFO] --- maven-resources-plugin:2.6:resources (default-resources) @ adapter-scala ---
[INFO] Using 'UTF-8' encoding to copy filtered resources.
[INFO] skip non existing resourceDirectory /home/travis/build/square/retrofit/retrofit-adapters/scala/src/main/resources
[INFO] 
[INFO] --- maven-compiler-plugin:3.6.1:compile (default-compile) @ adapter-scala ---
[INFO] Changes detected - recompiling the module!
[INFO] Compiling 3 source files to /home/travis/build/square/retrofit/retrofit-adapters/scala/target/classes
[INFO] 
[INFO] --- maven-resources-plugin:2.6:testResources (default-testResources) @ adapter-scala ---
[INFO] Using 'UTF-8' encoding to copy filtered resources.
[INFO] skip non existing resourceDirectory /home/travis/build/square/retrofit/retrofit-adapters/scala/src/test/resources
[INFO] 
[INFO] --- maven-compiler-plugin:3.6.1:testCompile (default-testCompile) @ adapter-scala ---
[INFO] Changes detected - recompiling the module!
[INFO] Compiling 3 source files to /home/travis/build/square/retrofit/retrofit-adapters/scala/target/test-classes
[INFO] 
[INFO] --- maven-surefire-plugin:2.12.4:test (default-test) @ adapter-scala ---
[INFO] Tests are skipped.
[INFO] 
[INFO] --- animal-sniffer-maven-plugin:1.14:check (default) @ adapter-scala ---
[INFO] Checking unresolved references to org.kaazing.mojo.signature:java18:1.0
[INFO] 
[INFO] --- maven-jar-plugin:2.4:jar (default-jar) @ adapter-scala ---
[INFO] Building jar: /home/travis/build/square/retrofit/retrofit-adapters/scala/target/adapter-scala-2.4.1-SNAPSHOT.jar
[INFO] 
[INFO] --- maven-javadoc-plugin:2.10.3:jar (attach-javadocs) @ adapter-scala ---
[INFO] Skipping javadoc generation
[INFO] 
[INFO] --- maven-checkstyle-plugin:2.17:checkstyle (default) @ adapter-scala ---
[INFO] Starting audit...
Audit done.
[WARNING] Unable to locate Source XRef to link to - DISABLED
[INFO] 
[INFO] --- maven-install-plugin:2.4:install (default-install) @ adapter-scala ---
[INFO] Installing /home/travis/build/square/retrofit/retrofit-adapters/scala/target/adapter-scala-2.4.1-SNAPSHOT.jar to /home/travis/.m2/repository/com/squareup/retrofit2/adapter-scala/2.4.1-SNAPSHOT/adapter-scala-2.4.1-SNAPSHOT.jar
[INFO] Installing /home/travis/build/square/retrofit/retrofit-adapters/scala/pom.xml to /home/travis/.m2/repository/com/squareup/retrofit2/adapter-scala/2.4.1-SNAPSHOT/adapter-scala-2.4.1-SNAPSHOT.pom
[INFO] 
[INFO] ------------------------------------------------------------------------
[INFO] Building Converters 2.4.1-SNAPSHOT
[INFO] ------------------------------------------------------------------------
[INFO] 
[INFO] --- maven-enforcer-plugin:1.0:enforce (enforce-maven) @ retrofit-converters ---
[INFO] 
[INFO] --- animal-sniffer-maven-plugin:1.14:check (default) @ retrofit-converters ---
[INFO] Checking unresolved references to org.codehaus.mojo.signature:java16:1.1
[INFO] 
[INFO] --- maven-javadoc-plugin:2.10.3:jar (attach-javadocs) @ retrofit-converters ---
[INFO] Skipping javadoc generation
[INFO] 
[INFO] --- maven-checkstyle-plugin:2.17:checkstyle (default) @ retrofit-converters ---
[INFO] 
[INFO] --- maven-install-plugin:2.4:install (default-install) @ retrofit-converters ---
[INFO] Installing /home/travis/build/square/retrofit/retrofit-converters/pom.xml to /home/travis/.m2/repository/com/squareup/retrofit2/retrofit-converters/2.4.1-SNAPSHOT/retrofit-converters-2.4.1-SNAPSHOT.pom
[INFO] 
[INFO] ------------------------------------------------------------------------
[INFO] Building Converter: Gson 2.4.1-SNAPSHOT
[INFO] ------------------------------------------------------------------------
[INFO] 
[INFO] --- maven-enforcer-plugin:1.0:enforce (enforce-maven) @ converter-gson ---
[INFO] 
[INFO] --- maven-resources-plugin:2.6:resources (default-resources) @ converter-gson ---
[INFO] Using 'UTF-8' encoding to copy filtered resources.
[INFO] skip non existing resourceDirectory /home/travis/build/square/retrofit/retrofit-converters/gson/src/main/resources
[INFO] 
[INFO] --- maven-compiler-plugin:3.6.1:compile (default-compile) @ converter-gson ---
[INFO] Changes detected - recompiling the module!
[INFO] Compiling 4 source files to /home/travis/build/square/retrofit/retrofit-converters/gson/target/classes
[INFO] 
[INFO] --- maven-resources-plugin:2.6:testResources (default-testResources) @ converter-gson ---
[INFO] Using 'UTF-8' encoding to copy filtered resources.
[INFO] skip non existing resourceDirectory /home/travis/build/square/retrofit/retrofit-converters/gson/src/test/resources
[INFO] 
[INFO] --- maven-compiler-plugin:3.6.1:testCompile (default-testCompile) @ converter-gson ---
[INFO] Changes detected - recompiling the module!
[INFO] Compiling 1 source file to /home/travis/build/square/retrofit/retrofit-converters/gson/target/test-classes
[INFO] 
[INFO] --- maven-surefire-plugin:2.12.4:test (default-test) @ converter-gson ---
[INFO] Tests are skipped.
[INFO] 
[INFO] --- animal-sniffer-maven-plugin:1.14:check (default) @ converter-gson ---
[INFO] Checking unresolved references to org.codehaus.mojo.signature:java16:1.1
[INFO] 
[INFO] --- maven-jar-plugin:2.4:jar (default-jar) @ converter-gson ---
[INFO] Building jar: /home/travis/build/square/retrofit/retrofit-converters/gson/target/converter-gson-2.4.1-SNAPSHOT.jar
[INFO] 
[INFO] --- maven-javadoc-plugin:2.10.3:jar (attach-javadocs) @ converter-gson ---
[INFO] Skipping javadoc generation
[INFO] 
[INFO] --- maven-checkstyle-plugin:2.17:checkstyle (default) @ converter-gson ---
[INFO] Starting audit...
Audit done.
[WARNING] Unable to locate Source XRef to link to - DISABLED
[INFO] 
[INFO] --- maven-install-plugin:2.4:install (default-install) @ converter-gson ---
[INFO] Installing /home/travis/build/square/retrofit/retrofit-converters/gson/target/converter-gson-2.4.1-SNAPSHOT.jar to /home/travis/.m2/repository/com/squareup/retrofit2/converter-gson/2.4.1-SNAPSHOT/converter-gson-2.4.1-SNAPSHOT.jar
[INFO] Installing /home/travis/build/square/retrofit/retrofit-converters/gson/pom.xml to /home/travis/.m2/repository/com/squareup/retrofit2/converter-gson/2.4.1-SNAPSHOT/converter-gson-2.4.1-SNAPSHOT.pom
[INFO] 
[INFO] ------------------------------------------------------------------------
[INFO] Building Converter: Guava 2.4.1-SNAPSHOT
[INFO] ------------------------------------------------------------------------
[INFO] 
[INFO] --- maven-enforcer-plugin:1.0:enforce (enforce-maven) @ converter-guava ---
[INFO] 
[INFO] --- maven-resources-plugin:2.6:resources (default-resources) @ converter-guava ---
[INFO] Using 'UTF-8' encoding to copy filtered resources.
[INFO] skip non existing resourceDirectory /home/travis/build/square/retrofit/retrofit-converters/guava/src/main/resources
[INFO] 
[INFO] --- maven-compiler-plugin:3.6.1:compile (default-compile) @ converter-guava ---
[INFO] Changes detected - recompiling the module!
[INFO] Compiling 3 source files to /home/travis/build/square/retrofit/retrofit-converters/guava/target/classes
[INFO] 
[INFO] --- maven-resources-plugin:2.6:testResources (default-testResources) @ converter-guava ---
[INFO] Using 'UTF-8' encoding to copy filtered resources.
[INFO] skip non existing resourceDirectory /home/travis/build/square/retrofit/retrofit-converters/guava/src/test/resources
[INFO] 
[INFO] --- maven-compiler-plugin:3.6.1:testCompile (default-testCompile) @ converter-guava ---
[INFO] Changes detected - recompiling the module!
[INFO] Compiling 2 source files to /home/travis/build/square/retrofit/retrofit-converters/guava/target/test-classes
[INFO] 
[INFO] --- maven-surefire-plugin:2.12.4:test (default-test) @ converter-guava ---
[INFO] Tests are skipped.
[INFO] 
[INFO] --- animal-sniffer-maven-plugin:1.14:check (default) @ converter-guava ---
[INFO] Checking unresolved references to org.codehaus.mojo.signature:java16:1.1
[INFO] 
[INFO] --- maven-jar-plugin:2.4:jar (default-jar) @ converter-guava ---
[INFO] Building jar: /home/travis/build/square/retrofit/retrofit-converters/guava/target/converter-guava-2.4.1-SNAPSHOT.jar
[INFO] 
[INFO] --- maven-javadoc-plugin:2.10.3:jar (attach-javadocs) @ converter-guava ---
[INFO] Skipping javadoc generation
[INFO] 
[INFO] --- maven-checkstyle-plugin:2.17:checkstyle (default) @ converter-guava ---
[INFO] Starting audit...
Audit done.
[WARNING] Unable to locate Source XRef to link to - DISABLED
[INFO] 
[INFO] --- maven-install-plugin:2.4:install (default-install) @ converter-guava ---
[INFO] Installing /home/travis/build/square/retrofit/retrofit-converters/guava/target/converter-guava-2.4.1-SNAPSHOT.jar to /home/travis/.m2/repository/com/squareup/retrofit2/converter-guava/2.4.1-SNAPSHOT/converter-guava-2.4.1-SNAPSHOT.jar
[INFO] Installing /home/travis/build/square/retrofit/retrofit-converters/guava/pom.xml to /home/travis/.m2/repository/com/squareup/retrofit2/converter-guava/2.4.1-SNAPSHOT/converter-guava-2.4.1-SNAPSHOT.pom
[INFO] 
[INFO] ------------------------------------------------------------------------
[INFO] Building Converter: Protocol Buffers 2.4.1-SNAPSHOT
[INFO] ------------------------------------------------------------------------
[INFO] 
[INFO] --- maven-enforcer-plugin:1.0:enforce (enforce-maven) @ converter-protobuf ---
[INFO] 
[INFO] --- maven-resources-plugin:2.6:resources (default-resources) @ converter-protobuf ---
[INFO] Using 'UTF-8' encoding to copy filtered resources.
[INFO] skip non existing resourceDirectory /home/travis/build/square/retrofit/retrofit-converters/protobuf/src/main/resources
[INFO] 
[INFO] --- maven-compiler-plugin:3.6.1:compile (default-compile) @ converter-protobuf ---
[INFO] Changes detected - recompiling the module!
[INFO] Compiling 4 source files to /home/travis/build/square/retrofit/retrofit-converters/protobuf/target/classes
Note: /home/travis/build/square/retrofit/retrofit-converters/protobuf/src/main/java/retrofit2/converter/protobuf/ProtoConverterFactory.java uses unchecked or unsafe operations.
Note: Recompile with -Xlint:unchecked for details.
[INFO] 
[INFO] --- maven-resources-plugin:2.6:testResources (default-testResources) @ converter-protobuf ---
[INFO] Using 'UTF-8' encoding to copy filtered resources.
[INFO] skip non existing resourceDirectory /home/travis/build/square/retrofit/retrofit-converters/protobuf/src/test/resources
[INFO] 
[INFO] --- maven-compiler-plugin:3.6.1:testCompile (default-testCompile) @ converter-protobuf ---
[INFO] Changes detected - recompiling the module!
[INFO] Compiling 3 source files to /home/travis/build/square/retrofit/retrofit-converters/protobuf/target/test-classes
[INFO] 
[INFO] --- maven-surefire-plugin:2.12.4:test (default-test) @ converter-protobuf ---
[INFO] Tests are skipped.
[INFO] 
[INFO] --- animal-sniffer-maven-plugin:1.14:check (default) @ converter-protobuf ---
[INFO] Checking unresolved references to org.codehaus.mojo.signature:java16:1.1
[INFO] 
[INFO] --- maven-jar-plugin:2.4:jar (default-jar) @ converter-protobuf ---
[INFO] Building jar: /home/travis/build/square/retrofit/retrofit-converters/protobuf/target/converter-protobuf-2.4.1-SNAPSHOT.jar
[INFO] 
[INFO] --- maven-javadoc-plugin:2.10.3:jar (attach-javadocs) @ converter-protobuf ---
[INFO] Skipping javadoc generation
[INFO] 
[INFO] --- maven-checkstyle-plugin:2.17:checkstyle (default) @ converter-protobuf ---
[INFO] Starting audit...
Audit done.
[WARNING] Unable to locate Source XRef to link to - DISABLED
[INFO] 
[INFO] --- maven-install-plugin:2.4:install (default-install) @ converter-protobuf ---
[INFO] Installing /home/travis/build/square/retrofit/retrofit-converters/protobuf/target/converter-protobuf-2.4.1-SNAPSHOT.jar to /home/travis/.m2/repository/com/squareup/retrofit2/converter-protobuf/2.4.1-SNAPSHOT/converter-protobuf-2.4.1-SNAPSHOT.jar
[INFO] Installing /home/travis/build/square/retrofit/retrofit-converters/protobuf/pom.xml to /home/travis/.m2/repository/com/squareup/retrofit2/converter-protobuf/2.4.1-SNAPSHOT/converter-protobuf-2.4.1-SNAPSHOT.pom
[INFO] 
[INFO] ------------------------------------------------------------------------
[INFO] Building Converter: Jackson 2.4.1-SNAPSHOT
[INFO] ------------------------------------------------------------------------
[INFO] 
[INFO] --- maven-enforcer-plugin:1.0:enforce (enforce-maven) @ converter-jackson ---
[INFO] 
[INFO] --- maven-resources-plugin:2.6:resources (default-resources) @ converter-jackson ---
[INFO] Using 'UTF-8' encoding to copy filtered resources.
[INFO] skip non existing resourceDirectory /home/travis/build/square/retrofit/retrofit-converters/jackson/src/main/resources
[INFO] 
[INFO] --- maven-compiler-plugin:3.6.1:compile (default-compile) @ converter-jackson ---
[INFO] Changes detected - recompiling the module!
[INFO] Compiling 4 source files to /home/travis/build/square/retrofit/retrofit-converters/jackson/target/classes
[INFO] 
[INFO] --- maven-resources-plugin:2.6:testResources (default-testResources) @ converter-jackson ---
[INFO] Using 'UTF-8' encoding to copy filtered resources.
[INFO] skip non existing resourceDirectory /home/travis/build/square/retrofit/retrofit-converters/jackson/src/test/resources
[INFO] 
[INFO] --- maven-compiler-plugin:3.6.1:testCompile (default-testCompile) @ converter-jackson ---
[INFO] Changes detected - recompiling the module!
[INFO] Compiling 1 source file to /home/travis/build/square/retrofit/retrofit-converters/jackson/target/test-classes
Note: /home/travis/build/square/retrofit/retrofit-converters/jackson/src/test/java/retrofit2/converter/jackson/JacksonConverterFactoryTest.java uses or overrides a deprecated API.
Note: Recompile with -Xlint:deprecation for details.
[INFO] 
[INFO] --- maven-surefire-plugin:2.12.4:test (default-test) @ converter-jackson ---
[INFO] Tests are skipped.
[INFO] 
[INFO] --- animal-sniffer-maven-plugin:1.14:check (default) @ converter-jackson ---
[INFO] Checking unresolved references to org.codehaus.mojo.signature:java16:1.1
[INFO] 
[INFO] --- maven-jar-plugin:2.4:jar (default-jar) @ converter-jackson ---
[INFO] Building jar: /home/travis/build/square/retrofit/retrofit-converters/jackson/target/converter-jackson-2.4.1-SNAPSHOT.jar
[INFO] 
[INFO] --- maven-javadoc-plugin:2.10.3:jar (attach-javadocs) @ converter-jackson ---
[INFO] Skipping javadoc generation
[INFO] 
[INFO] --- maven-checkstyle-plugin:2.17:checkstyle (default) @ converter-jackson ---
[INFO] Starting audit...
Audit done.
[WARNING] Unable to locate Source XRef to link to - DISABLED
[INFO] 
[INFO] --- maven-install-plugin:2.4:install (default-install) @ converter-jackson ---
[INFO] Installing /home/travis/build/square/retrofit/retrofit-converters/jackson/target/converter-jackson-2.4.1-SNAPSHOT.jar to /home/travis/.m2/repository/com/squareup/retrofit2/converter-jackson/2.4.1-SNAPSHOT/converter-jackson-2.4.1-SNAPSHOT.jar
[INFO] Installing /home/travis/build/square/retrofit/retrofit-converters/jackson/pom.xml to /home/travis/.m2/repository/com/squareup/retrofit2/converter-jackson/2.4.1-SNAPSHOT/converter-jackson-2.4.1-SNAPSHOT.pom
[INFO] 
[INFO] ------------------------------------------------------------------------
[INFO] Building Converter: Java 8 2.4.1-SNAPSHOT
[INFO] ------------------------------------------------------------------------
[INFO] 
[INFO] --- maven-enforcer-plugin:1.0:enforce (enforce-maven) @ converter-java8 ---
[INFO] 
[INFO] --- maven-resources-plugin:2.6:resources (default-resources) @ converter-java8 ---
[INFO] Using 'UTF-8' encoding to copy filtered resources.
[INFO] skip non existing resourceDirectory /home/travis/build/square/retrofit/retrofit-converters/java8/src/main/resources
[INFO] 
[INFO] --- maven-compiler-plugin:3.6.1:compile (default-compile) @ converter-java8 ---
[INFO] Changes detected - recompiling the module!
[INFO] Compiling 3 source files to /home/travis/build/square/retrofit/retrofit-converters/java8/target/classes
[INFO] 
[INFO] --- maven-resources-plugin:2.6:testResources (default-testResources) @ converter-java8 ---
[INFO] Using 'UTF-8' encoding to copy filtered resources.
[INFO] skip non existing resourceDirectory /home/travis/build/square/retrofit/retrofit-converters/java8/src/test/resources
[INFO] 
[INFO] --- maven-compiler-plugin:3.6.1:testCompile (default-testCompile) @ converter-java8 ---
[INFO] Changes detected - recompiling the module!
[INFO] Compiling 2 source files to /home/travis/build/square/retrofit/retrofit-converters/java8/target/test-classes
[INFO] 
[INFO] --- maven-surefire-plugin:2.12.4:test (default-test) @ converter-java8 ---
[INFO] Tests are skipped.
[INFO] 
[INFO] --- animal-sniffer-maven-plugin:1.14:check (default) @ converter-java8 ---
[INFO] Checking unresolved references to org.kaazing.mojo.signature:java18:1.0
[INFO] 
[INFO] --- maven-jar-plugin:2.4:jar (default-jar) @ converter-java8 ---
[INFO] Building jar: /home/travis/build/square/retrofit/retrofit-converters/java8/target/converter-java8-2.4.1-SNAPSHOT.jar
[INFO] 
[INFO] --- maven-javadoc-plugin:2.10.3:jar (attach-javadocs) @ converter-java8 ---
[INFO] Skipping javadoc generation
[INFO] 
[INFO] --- maven-checkstyle-plugin:2.17:checkstyle (default) @ converter-java8 ---
[INFO] Starting audit...
Audit done.
[WARNING] Unable to locate Source XRef to link to - DISABLED
[INFO] 
[INFO] --- maven-install-plugin:2.4:install (default-install) @ converter-java8 ---
[INFO] Installing /home/travis/build/square/retrofit/retrofit-converters/java8/target/converter-java8-2.4.1-SNAPSHOT.jar to /home/travis/.m2/repository/com/squareup/retrofit2/converter-java8/2.4.1-SNAPSHOT/converter-java8-2.4.1-SNAPSHOT.jar
[INFO] Installing /home/travis/build/square/retrofit/retrofit-converters/java8/pom.xml to /home/travis/.m2/repository/com/squareup/retrofit2/converter-java8/2.4.1-SNAPSHOT/converter-java8-2.4.1-SNAPSHOT.pom
[INFO] 
[INFO] ------------------------------------------------------------------------
[INFO] Building Converter: Wire Protocol Buffers 2.4.1-SNAPSHOT
[INFO] ------------------------------------------------------------------------
[INFO] 
[INFO] --- maven-enforcer-plugin:1.0:enforce (enforce-maven) @ converter-wire ---
[INFO] 
[INFO] --- maven-resources-plugin:2.6:resources (default-resources) @ converter-wire ---
[INFO] Using 'UTF-8' encoding to copy filtered resources.
[INFO] skip non existing resourceDirectory /home/travis/build/square/retrofit/retrofit-converters/wire/src/main/resources
[INFO] 
[INFO] --- maven-compiler-plugin:3.6.1:compile (default-compile) @ converter-wire ---
[INFO] Changes detected - recompiling the module!
[INFO] Compiling 4 source files to /home/travis/build/square/retrofit/retrofit-converters/wire/target/classes
Note: /home/travis/build/square/retrofit/retrofit-converters/wire/src/main/java/retrofit2/converter/wire/WireConverterFactory.java uses unchecked or unsafe operations.
Note: Recompile with -Xlint:unchecked for details.
[INFO] 
[INFO] --- maven-resources-plugin:2.6:testResources (default-testResources) @ converter-wire ---
[INFO] Using 'UTF-8' encoding to copy filtered resources.
[INFO] skip non existing resourceDirectory /home/travis/build/square/retrofit/retrofit-converters/wire/src/test/resources
[INFO] 
[INFO] --- maven-compiler-plugin:3.6.1:testCompile (default-testCompile) @ converter-wire ---
[INFO] Changes detected - recompiling the module!
[INFO] Compiling 2 source files to /home/travis/build/square/retrofit/retrofit-converters/wire/target/test-classes
[INFO] 
[INFO] --- maven-surefire-plugin:2.12.4:test (default-test) @ converter-wire ---
[INFO] Tests are skipped.
[INFO] 
[INFO] --- animal-sniffer-maven-plugin:1.14:check (default) @ converter-wire ---
[INFO] Checking unresolved references to org.codehaus.mojo.signature:java16:1.1
[INFO] 
[INFO] --- maven-jar-plugin:2.4:jar (default-jar) @ converter-wire ---
[INFO] Building jar: /home/travis/build/square/retrofit/retrofit-converters/wire/target/converter-wire-2.4.1-SNAPSHOT.jar
[INFO] 
[INFO] --- maven-javadoc-plugin:2.10.3:jar (attach-javadocs) @ converter-wire ---
[INFO] Skipping javadoc generation
[INFO] 
[INFO] --- maven-checkstyle-plugin:2.17:checkstyle (default) @ converter-wire ---
[INFO] Starting audit...
Audit done.
[WARNING] Unable to locate Source XRef to link to - DISABLED
[INFO] 
[INFO] --- maven-install-plugin:2.4:install (default-install) @ converter-wire ---
[INFO] Installing /home/travis/build/square/retrofit/retrofit-converters/wire/target/converter-wire-2.4.1-SNAPSHOT.jar to /home/travis/.m2/repository/com/squareup/retrofit2/converter-wire/2.4.1-SNAPSHOT/converter-wire-2.4.1-SNAPSHOT.jar
[INFO] Installing /home/travis/build/square/retrofit/retrofit-converters/wire/pom.xml to /home/travis/.m2/repository/com/squareup/retrofit2/converter-wire/2.4.1-SNAPSHOT/converter-wire-2.4.1-SNAPSHOT.pom
[INFO] 
[INFO] ------------------------------------------------------------------------
[INFO] Building Converter: SimpleXML 2.4.1-SNAPSHOT
[INFO] ------------------------------------------------------------------------
[INFO] 
[INFO] --- maven-enforcer-plugin:1.0:enforce (enforce-maven) @ converter-simplexml ---
[INFO] 
[INFO] --- maven-resources-plugin:2.6:resources (default-resources) @ converter-simplexml ---
[INFO] Using 'UTF-8' encoding to copy filtered resources.
[INFO] skip non existing resourceDirectory /home/travis/build/square/retrofit/retrofit-converters/simplexml/src/main/resources
[INFO] 
[INFO] --- maven-compiler-plugin:3.6.1:compile (default-compile) @ converter-simplexml ---
[INFO] Changes detected - recompiling the module!
[INFO] Compiling 4 source files to /home/travis/build/square/retrofit/retrofit-converters/simplexml/target/classes
[INFO] 
[INFO] --- maven-resources-plugin:2.6:testResources (default-testResources) @ converter-simplexml ---
[INFO] Using 'UTF-8' encoding to copy filtered resources.
[INFO] skip non existing resourceDirectory /home/travis/build/square/retrofit/retrofit-converters/simplexml/src/test/resources
[INFO] 
[INFO] --- maven-compiler-plugin:3.6.1:testCompile (default-testCompile) @ converter-simplexml ---
[INFO] Changes detected - recompiling the module!
[INFO] Compiling 2 source files to /home/travis/build/square/retrofit/retrofit-converters/simplexml/target/test-classes
Note: /home/travis/build/square/retrofit/retrofit-converters/simplexml/src/test/java/retrofit2/converter/simplexml/SimpleXmlConverterFactoryTest.java uses or overrides a deprecated API.
Note: Recompile with -Xlint:deprecation for details.
[INFO] 
[INFO] --- maven-surefire-plugin:2.12.4:test (default-test) @ converter-simplexml ---
[INFO] Tests are skipped.
[INFO] 
[INFO] --- animal-sniffer-maven-plugin:1.14:check (default) @ converter-simplexml ---
[INFO] Checking unresolved references to org.codehaus.mojo.signature:java16:1.1
[INFO] 
[INFO] --- maven-jar-plugin:2.4:jar (default-jar) @ converter-simplexml ---
[INFO] Building jar: /home/travis/build/square/retrofit/retrofit-converters/simplexml/target/converter-simplexml-2.4.1-SNAPSHOT.jar
[INFO] 
[INFO] --- maven-javadoc-plugin:2.10.3:jar (attach-javadocs) @ converter-simplexml ---
[INFO] Skipping javadoc generation
[INFO] 
[INFO] --- maven-checkstyle-plugin:2.17:checkstyle (default) @ converter-simplexml ---
[INFO] Starting audit...
Audit done.
[WARNING] Unable to locate Source XRef to link to - DISABLED
[INFO] 
[INFO] --- maven-install-plugin:2.4:install (default-install) @ converter-simplexml ---
[INFO] Installing /home/travis/build/square/retrofit/retrofit-converters/simplexml/target/converter-simplexml-2.4.1-SNAPSHOT.jar to /home/travis/.m2/repository/com/squareup/retrofit2/converter-simplexml/2.4.1-SNAPSHOT/converter-simplexml-2.4.1-SNAPSHOT.jar
[INFO] Installing /home/travis/build/square/retrofit/retrofit-converters/simplexml/pom.xml to /home/travis/.m2/repository/com/squareup/retrofit2/converter-simplexml/2.4.1-SNAPSHOT/converter-simplexml-2.4.1-SNAPSHOT.pom
[INFO] 
[INFO] ------------------------------------------------------------------------
[INFO] Building Converter: Java Scalars 2.4.1-SNAPSHOT
[INFO] ------------------------------------------------------------------------
[INFO] 
[INFO] --- maven-enforcer-plugin:1.0:enforce (enforce-maven) @ converter-scalars ---
[INFO] 
[INFO] --- maven-resources-plugin:2.6:resources (default-resources) @ converter-scalars ---
[INFO] Using 'UTF-8' encoding to copy filtered resources.
[INFO] skip non existing resourceDirectory /home/travis/build/square/retrofit/retrofit-converters/scalars/src/main/resources
[INFO] 
[INFO] --- maven-compiler-plugin:3.6.1:compile (default-compile) @ converter-scalars ---
[INFO] Changes detected - recompiling the module!
[INFO] Compiling 4 source files to /home/travis/build/square/retrofit/retrofit-converters/scalars/target/classes
[INFO] 
[INFO] --- maven-resources-plugin:2.6:testResources (default-testResources) @ converter-scalars ---
[INFO] Using 'UTF-8' encoding to copy filtered resources.
[INFO] skip non existing resourceDirectory /home/travis/build/square/retrofit/retrofit-converters/scalars/src/test/resources
[INFO] 
[INFO] --- maven-compiler-plugin:3.6.1:testCompile (default-testCompile) @ converter-scalars ---
[INFO] Changes detected - recompiling the module!
[INFO] Compiling 2 source files to /home/travis/build/square/retrofit/retrofit-converters/scalars/target/test-classes
[INFO] 
[INFO] --- maven-surefire-plugin:2.12.4:test (default-test) @ converter-scalars ---
[INFO] Tests are skipped.
[INFO] 
[INFO] --- animal-sniffer-maven-plugin:1.14:check (default) @ converter-scalars ---
[INFO] Checking unresolved references to org.codehaus.mojo.signature:java16:1.1
[INFO] 
[INFO] --- maven-jar-plugin:2.4:jar (default-jar) @ converter-scalars ---
[INFO] Building jar: /home/travis/build/square/retrofit/retrofit-converters/scalars/target/converter-scalars-2.4.1-SNAPSHOT.jar
[INFO] 
[INFO] --- maven-javadoc-plugin:2.10.3:jar (attach-javadocs) @ converter-scalars ---
[INFO] Skipping javadoc generation
[INFO] 
[INFO] --- maven-checkstyle-plugin:2.17:checkstyle (default) @ converter-scalars ---
[INFO] Starting audit...
Audit done.
[WARNING] Unable to locate Source XRef to link to - DISABLED
[INFO] 
[INFO] --- maven-install-plugin:2.4:install (default-install) @ converter-scalars ---
[INFO] Installing /home/travis/build/square/retrofit/retrofit-converters/scalars/target/converter-scalars-2.4.1-SNAPSHOT.jar to /home/travis/.m2/repository/com/squareup/retrofit2/converter-scalars/2.4.1-SNAPSHOT/converter-scalars-2.4.1-SNAPSHOT.jar
[INFO] Installing /home/travis/build/square/retrofit/retrofit-converters/scalars/pom.xml to /home/travis/.m2/repository/com/squareup/retrofit2/converter-scalars/2.4.1-SNAPSHOT/converter-scalars-2.4.1-SNAPSHOT.pom
[INFO] 
[INFO] ------------------------------------------------------------------------
[INFO] Building Converter: Moshi 2.4.1-SNAPSHOT
[INFO] ------------------------------------------------------------------------
[INFO] 
[INFO] --- maven-enforcer-plugin:1.0:enforce (enforce-maven) @ converter-moshi ---
[INFO] 
[INFO] --- maven-resources-plugin:2.6:resources (default-resources) @ converter-moshi ---
[INFO] Using 'UTF-8' encoding to copy filtered resources.
[INFO] skip non existing resourceDirectory /home/travis/build/square/retrofit/retrofit-converters/moshi/src/main/resources
[INFO] 
[INFO] --- maven-compiler-plugin:3.6.1:compile (default-compile) @ converter-moshi ---
[INFO] Changes detected - recompiling the module!
[INFO] Compiling 4 source files to /home/travis/build/square/retrofit/retrofit-converters/moshi/target/classes
[INFO] 
[INFO] --- maven-resources-plugin:2.6:testResources (default-testResources) @ converter-moshi ---
[INFO] Using 'UTF-8' encoding to copy filtered resources.
[INFO] skip non existing resourceDirectory /home/travis/build/square/retrofit/retrofit-converters/moshi/src/test/resources
[INFO] 
[INFO] --- maven-compiler-plugin:3.6.1:testCompile (default-testCompile) @ converter-moshi ---
[INFO] Changes detected - recompiling the module!
[INFO] Compiling 1 source file to /home/travis/build/square/retrofit/retrofit-converters/moshi/target/test-classes
[INFO] 
[INFO] --- maven-surefire-plugin:2.12.4:test (default-test) @ converter-moshi ---
[INFO] Tests are skipped.
[INFO] 
[INFO] --- animal-sniffer-maven-plugin:1.14:check (default) @ converter-moshi ---
[INFO] Checking unresolved references to org.codehaus.mojo.signature:java16:1.1
[INFO] 
[INFO] --- maven-jar-plugin:2.4:jar (default-jar) @ converter-moshi ---
[INFO] Building jar: /home/travis/build/square/retrofit/retrofit-converters/moshi/target/converter-moshi-2.4.1-SNAPSHOT.jar
[INFO] 
[INFO] --- maven-javadoc-plugin:2.10.3:jar (attach-javadocs) @ converter-moshi ---
[INFO] Skipping javadoc generation
[INFO] 
[INFO] --- maven-checkstyle-plugin:2.17:checkstyle (default) @ converter-moshi ---
[INFO] Starting audit...
Audit done.
[WARNING] Unable to locate Source XRef to link to - DISABLED
[INFO] 
[INFO] --- maven-install-plugin:2.4:install (default-install) @ converter-moshi ---
[INFO] Installing /home/travis/build/square/retrofit/retrofit-converters/moshi/target/converter-moshi-2.4.1-SNAPSHOT.jar to /home/travis/.m2/repository/com/squareup/retrofit2/converter-moshi/2.4.1-SNAPSHOT/converter-moshi-2.4.1-SNAPSHOT.jar
[INFO] Installing /home/travis/build/square/retrofit/retrofit-converters/moshi/pom.xml to /home/travis/.m2/repository/com/squareup/retrofit2/converter-moshi/2.4.1-SNAPSHOT/converter-moshi-2.4.1-SNAPSHOT.pom
[INFO] 
[INFO] ------------------------------------------------------------------------
[INFO] Building Converter: JAXB 2.4.1-SNAPSHOT
[INFO] ------------------------------------------------------------------------
[INFO] 
[INFO] --- maven-enforcer-plugin:1.0:enforce (enforce-maven) @ converter-jaxb ---
[INFO] 
[INFO] --- maven-resources-plugin:2.6:resources (default-resources) @ converter-jaxb ---
[INFO] Using 'UTF-8' encoding to copy filtered resources.
[INFO] skip non existing resourceDirectory /home/travis/build/square/retrofit/retrofit-converters/jaxb/src/main/resources
[INFO] 
[INFO] --- maven-compiler-plugin:3.6.1:compile (default-compile) @ converter-jaxb ---
[INFO] Changes detected - recompiling the module!
[INFO] Compiling 4 source files to /home/travis/build/square/retrofit/retrofit-converters/jaxb/target/classes
[INFO] 
[INFO] --- maven-resources-plugin:2.6:testResources (default-testResources) @ converter-jaxb ---
[INFO] Using 'UTF-8' encoding to copy filtered resources.
[INFO] skip non existing resourceDirectory /home/travis/build/square/retrofit/retrofit-converters/jaxb/src/test/resources
[INFO] 
[INFO] --- maven-compiler-plugin:3.6.1:testCompile (default-testCompile) @ converter-jaxb ---
[INFO] Changes detected - recompiling the module!
[INFO] Compiling 4 source files to /home/travis/build/square/retrofit/retrofit-converters/jaxb/target/test-classes
[INFO] 
[INFO] --- maven-surefire-plugin:2.12.4:test (default-test) @ converter-jaxb ---
[INFO] Tests are skipped.
[INFO] 
[INFO] --- animal-sniffer-maven-plugin:1.14:check (default) @ converter-jaxb ---
[INFO] Checking unresolved references to org.codehaus.mojo.signature:java16:1.1
[INFO] 
[INFO] --- maven-jar-plugin:2.4:jar (default-jar) @ converter-jaxb ---
[INFO] Building jar: /home/travis/build/square/retrofit/retrofit-converters/jaxb/target/converter-jaxb-2.4.1-SNAPSHOT.jar
[INFO] 
[INFO] --- maven-javadoc-plugin:2.10.3:jar (attach-javadocs) @ converter-jaxb ---
[INFO] Skipping javadoc generation
[INFO] 
[INFO] --- maven-checkstyle-plugin:2.17:checkstyle (default) @ converter-jaxb ---
[INFO] Starting audit...
Audit done.
[WARNING] Unable to locate Source XRef to link to - DISABLED
[INFO] 
[INFO] --- maven-install-plugin:2.4:install (default-install) @ converter-jaxb ---
[INFO] Installing /home/travis/build/square/retrofit/retrofit-converters/jaxb/target/converter-jaxb-2.4.1-SNAPSHOT.jar to /home/travis/.m2/repository/com/squareup/retrofit2/converter-jaxb/2.4.1-SNAPSHOT/converter-jaxb-2.4.1-SNAPSHOT.jar
[INFO] Installing /home/travis/build/square/retrofit/retrofit-converters/jaxb/pom.xml to /home/travis/.m2/repository/com/squareup/retrofit2/converter-jaxb/2.4.1-SNAPSHOT/converter-jaxb-2.4.1-SNAPSHOT.pom
[INFO] 
[INFO] ------------------------------------------------------------------------
[INFO] Building Retrofit Mock Adapter 2.4.1-SNAPSHOT
[INFO] ------------------------------------------------------------------------
[INFO] 
[INFO] --- maven-enforcer-plugin:1.0:enforce (enforce-maven) @ retrofit-mock ---
[INFO] 
[INFO] --- maven-resources-plugin:2.6:resources (default-resources) @ retrofit-mock ---
[INFO] Using 'UTF-8' encoding to copy filtered resources.
[INFO] skip non existing resourceDirectory /home/travis/build/square/retrofit/retrofit-mock/src/main/resources
[INFO] 
[INFO] --- maven-compiler-plugin:3.6.1:compile (default-compile) @ retrofit-mock ---
[INFO] Changes detected - recompiling the module!
[INFO] Compiling 7 source files to /home/travis/build/square/retrofit/retrofit-mock/target/classes
Note: /home/travis/build/square/retrofit/retrofit-mock/src/main/java/retrofit2/mock/BehaviorCall.java uses unchecked or unsafe operations.
Note: Recompile with -Xlint:unchecked for details.
[INFO] 
[INFO] --- maven-resources-plugin:2.6:testResources (default-testResources) @ retrofit-mock ---
[INFO] Using 'UTF-8' encoding to copy filtered resources.
[INFO] skip non existing resourceDirectory /home/travis/build/square/retrofit/retrofit-mock/src/test/resources
[INFO] 
[INFO] --- maven-compiler-plugin:3.6.1:testCompile (default-testCompile) @ retrofit-mock ---
[INFO] Changes detected - recompiling the module!
[INFO] Compiling 4 source files to /home/travis/build/square/retrofit/retrofit-mock/target/test-classes
[INFO] 
[INFO] --- maven-surefire-plugin:2.12.4:test (default-test) @ retrofit-mock ---
[INFO] Tests are skipped.
[INFO] 
[INFO] --- animal-sniffer-maven-plugin:1.14:check (default) @ retrofit-mock ---
[INFO] Checking unresolved references to org.codehaus.mojo.signature:java16:1.1
[INFO] 
[INFO] --- maven-jar-plugin:2.4:jar (default-jar) @ retrofit-mock ---
[INFO] Building jar: /home/travis/build/square/retrofit/retrofit-mock/target/retrofit-mock-2.4.1-SNAPSHOT.jar
[INFO] 
[INFO] --- maven-javadoc-plugin:2.10.3:jar (attach-javadocs) @ retrofit-mock ---
[INFO] Skipping javadoc generation
[INFO] 
[INFO] --- maven-checkstyle-plugin:2.17:checkstyle (default) @ retrofit-mock ---
[INFO] Starting audit...
Audit done.
[WARNING] Unable to locate Source XRef to link to - DISABLED
[INFO] 
[INFO] --- maven-install-plugin:2.4:install (default-install) @ retrofit-mock ---
[INFO] Installing /home/travis/build/square/retrofit/retrofit-mock/target/retrofit-mock-2.4.1-SNAPSHOT.jar to /home/travis/.m2/repository/com/squareup/retrofit2/retrofit-mock/2.4.1-SNAPSHOT/retrofit-mock-2.4.1-SNAPSHOT.jar
[INFO] Installing /home/travis/build/square/retrofit/retrofit-mock/pom.xml to /home/travis/.m2/repository/com/squareup/retrofit2/retrofit-mock/2.4.1-SNAPSHOT/retrofit-mock-2.4.1-SNAPSHOT.pom
[INFO] 
[INFO] ------------------------------------------------------------------------
[INFO] Building Samples 2.4.1-SNAPSHOT
[INFO] ------------------------------------------------------------------------
[INFO] 
[INFO] --- maven-enforcer-plugin:1.0:enforce (enforce-maven) @ samples ---
[INFO] 
[INFO] --- maven-resources-plugin:2.6:resources (default-resources) @ samples ---
[INFO] Using 'UTF-8' encoding to copy filtered resources.
[INFO] skip non existing resourceDirectory /home/travis/build/square/retrofit/samples/src/main/resources
[INFO] 
[INFO] --- maven-compiler-plugin:3.6.1:compile (default-compile) @ samples ---
[INFO] Changes detected - recompiling the module!
[INFO] Compiling 11 source files to /home/travis/build/square/retrofit/samples/target/classes
Note: Some input files use or override a deprecated API.
Note: Recompile with -Xlint:deprecation for details.
Note: /home/travis/build/square/retrofit/samples/src/main/java/com/example/retrofit/RxJavaObserveOnMainThread.java uses unchecked or unsafe operations.
Note: Recompile with -Xlint:unchecked for details.
[INFO] 
[INFO] --- maven-resources-plugin:2.6:testResources (default-testResources) @ samples ---
[INFO] Using 'UTF-8' encoding to copy filtered resources.
[INFO] skip non existing resourceDirectory /home/travis/build/square/retrofit/samples/src/test/resources
[INFO] 
[INFO] --- maven-compiler-plugin:3.6.1:testCompile (default-testCompile) @ samples ---
[INFO] No sources to compile
[INFO] 
[INFO] --- maven-surefire-plugin:2.12.4:test (default-test) @ samples ---
[INFO] Tests are skipped.
[INFO] 
[INFO] --- animal-sniffer-maven-plugin:1.14:check (default) @ samples ---
[INFO] Checking unresolved references to org.codehaus.mojo.signature:java16:1.1
[INFO] 
[INFO] --- maven-jar-plugin:2.4:jar (default-jar) @ samples ---
[INFO] Building jar: /home/travis/build/square/retrofit/samples/target/samples-2.4.1-SNAPSHOT.jar
[INFO] 
[INFO] --- maven-javadoc-plugin:2.10.3:jar (attach-javadocs) @ samples ---
[INFO] Skipping javadoc generation
[INFO] 
[INFO] --- maven-checkstyle-plugin:2.17:checkstyle (default) @ samples ---
[INFO] Starting audit...
Audit done.
[WARNING] Unable to locate Source XRef to link to - DISABLED
[INFO] 
[INFO] --- maven-install-plugin:2.4:install (default-install) @ samples ---
[INFO] Installing /home/travis/build/square/retrofit/samples/target/samples-2.4.1-SNAPSHOT.jar to /home/travis/.m2/repository/com/squareup/retrofit2/samples/2.4.1-SNAPSHOT/samples-2.4.1-SNAPSHOT.jar
[INFO] Installing /home/travis/build/square/retrofit/samples/pom.xml to /home/travis/.m2/repository/com/squareup/retrofit2/samples/2.4.1-SNAPSHOT/samples-2.4.1-SNAPSHOT.pom
[INFO] ------------------------------------------------------------------------
[INFO] Reactor Summary:
[INFO] 
[INFO] Retrofit (Parent) .................................. SUCCESS [  3.795 s]
[INFO] Retrofit ........................................... SUCCESS [ 17.819 s]
[INFO] Adapters ........................................... SUCCESS [  0.264 s]
[INFO] Adapter: Guava ..................................... SUCCESS [  1.477 s]
[INFO] Adapter: Java 8 .................................... SUCCESS [  1.362 s]
[INFO] Adapter: RxJava .................................... SUCCESS [  1.289 s]
[INFO] Adapter: RxJava 2 .................................. SUCCESS [  2.059 s]
[INFO] Adapter: Scala ..................................... SUCCESS [  1.417 s]
[INFO] Converters ......................................... SUCCESS [  0.387 s]
[INFO] Converter: Gson .................................... SUCCESS [  1.019 s]
[INFO] Converter: Guava ................................... SUCCESS [  1.251 s]
[INFO] Converter: Protocol Buffers ........................ SUCCESS [  1.572 s]
[INFO] Converter: Jackson ................................. SUCCESS [  0.947 s]
[INFO] Converter: Java 8 .................................. SUCCESS [  1.161 s]
[INFO] Converter: Wire Protocol Buffers ................... SUCCESS [  1.155 s]
[INFO] Converter: SimpleXML ............................... SUCCESS [  0.804 s]
[INFO] Converter: Java Scalars ............................ SUCCESS [  0.674 s]
[INFO] Converter: Moshi ................................... SUCCESS [  0.708 s]
[INFO] Converter: JAXB .................................... SUCCESS [  0.644 s]
[INFO] Retrofit Mock Adapter .............................. SUCCESS [  1.030 s]
[INFO] Samples ............................................ SUCCESS [  1.401 s]
[INFO] ------------------------------------------------------------------------
[INFO] BUILD SUCCESS
[INFO] ------------------------------------------------------------------------
[INFO] Total time: 42.725 s
[INFO] Finished at: 2018-07-13T15:18:44Z
[INFO] Final Memory: 105M/940M
[INFO] ------------------------------------------------------------------------

travis_time:end:32ef2f5a:start=1531495078144345550,finish=1531495125506147082,duration=47361801532[0Ktravis_fold:end:install[0Ktravis_time:start:196ba51c[0K$ mvn test -B
Picked up _JAVA_OPTIONS: -Xmx2048m -Xms512m
[INFO] Scanning for projects...
[WARNING] 
[WARNING] Some problems were encountered while building the effective model for com.squareup.retrofit2:retrofit:jar:2.4.1-SNAPSHOT
[WARNING] 'build.plugins.plugin.version' for org.apache.maven.plugins:maven-jar-plugin is missing. @ com.squareup.retrofit2:retrofit:[unknown-version], /home/travis/build/square/retrofit/retrofit/pom.xml, line 73, column 15
[WARNING] 
[WARNING] Some problems were encountered while building the effective model for com.squareup.retrofit2:adapter-guava:jar:2.4.1-SNAPSHOT
[WARNING] 'build.plugins.plugin.version' for org.apache.maven.plugins:maven-jar-plugin is missing. @ com.squareup.retrofit2:adapter-guava:[unknown-version], /home/travis/build/square/retrofit/retrofit-adapters/guava/pom.xml, line 51, column 15
[WARNING] 
[WARNING] Some problems were encountered while building the effective model for com.squareup.retrofit2:adapter-java8:jar:2.4.1-SNAPSHOT
[WARNING] 'build.plugins.plugin.version' for org.apache.maven.plugins:maven-jar-plugin is missing. @ com.squareup.retrofit2:adapter-java8:[unknown-version], /home/travis/build/square/retrofit/retrofit-adapters/java8/pom.xml, line 68, column 15
[WARNING] 
[WARNING] Some problems were encountered while building the effective model for com.squareup.retrofit2:adapter-rxjava:jar:2.4.1-SNAPSHOT
[WARNING] 'build.plugins.plugin.version' for org.apache.maven.plugins:maven-jar-plugin is missing. @ com.squareup.retrofit2:adapter-rxjava:[unknown-version], /home/travis/build/square/retrofit/retrofit-adapters/rxjava/pom.xml, line 56, column 15
[WARNING] 
[WARNING] Some problems were encountered while building the effective model for com.squareup.retrofit2:adapter-rxjava2:jar:2.4.1-SNAPSHOT
[WARNING] 'build.plugins.plugin.version' for org.apache.maven.plugins:maven-jar-plugin is missing. @ com.squareup.retrofit2:adapter-rxjava2:[unknown-version], /home/travis/build/square/retrofit/retrofit-adapters/rxjava2/pom.xml, line 56, column 15
[WARNING] 
[WARNING] Some problems were encountered while building the effective model for com.squareup.retrofit2:adapter-scala:jar:2.4.1-SNAPSHOT
[WARNING] 'build.plugins.plugin.version' for org.apache.maven.plugins:maven-jar-plugin is missing. @ com.squareup.retrofit2:adapter-scala:[unknown-version], /home/travis/build/square/retrofit/retrofit-adapters/scala/pom.xml, line 72, column 15
[WARNING] 
[WARNING] Some problems were encountered while building the effective model for com.squareup.retrofit2:converter-gson:jar:2.4.1-SNAPSHOT
[WARNING] 'build.plugins.plugin.version' for org.apache.maven.plugins:maven-jar-plugin is missing. @ com.squareup.retrofit2:converter-gson:[unknown-version], /home/travis/build/square/retrofit/retrofit-converters/gson/pom.xml, line 51, column 15
[WARNING] 
[WARNING] Some problems were encountered while building the effective model for com.squareup.retrofit2:converter-guava:jar:2.4.1-SNAPSHOT
[WARNING] 'build.plugins.plugin.version' for org.apache.maven.plugins:maven-jar-plugin is missing. @ com.squareup.retrofit2:converter-guava:[unknown-version], /home/travis/build/square/retrofit/retrofit-converters/guava/pom.xml, line 51, column 15
[WARNING] 
[WARNING] Some problems were encountered while building the effective model for com.squareup.retrofit2:converter-protobuf:jar:2.4.1-SNAPSHOT
[WARNING] 'build.plugins.plugin.version' for org.apache.maven.plugins:maven-jar-plugin is missing. @ com.squareup.retrofit2:converter-protobuf:[unknown-version], /home/travis/build/square/retrofit/retrofit-converters/protobuf/pom.xml, line 51, column 15
[WARNING] 
[WARNING] Some problems were encountered while building the effective model for com.squareup.retrofit2:converter-jackson:jar:2.4.1-SNAPSHOT
[WARNING] 'build.plugins.plugin.version' for org.apache.maven.plugins:maven-jar-plugin is missing. @ com.squareup.retrofit2:converter-jackson:[unknown-version], /home/travis/build/square/retrofit/retrofit-converters/jackson/pom.xml, line 51, column 15
[WARNING] 
[WARNING] Some problems were encountered while building the effective model for com.squareup.retrofit2:converter-java8:jar:2.4.1-SNAPSHOT
[WARNING] 'build.plugins.plugin.version' for org.apache.maven.plugins:maven-jar-plugin is missing. @ com.squareup.retrofit2:converter-java8:[unknown-version], /home/travis/build/square/retrofit/retrofit-converters/java8/pom.xml, line 63, column 15
[WARNING] 
[WARNING] Some problems were encountered while building the effective model for com.squareup.retrofit2:converter-wire:jar:2.4.1-SNAPSHOT
[WARNING] 'build.plugins.plugin.version' for org.apache.maven.plugins:maven-jar-plugin is missing. @ com.squareup.retrofit2:converter-wire:[unknown-version], /home/travis/build/square/retrofit/retrofit-converters/wire/pom.xml, line 62, column 15
[WARNING] 
[WARNING] Some problems were encountered while building the effective model for com.squareup.retrofit2:converter-simplexml:jar:2.4.1-SNAPSHOT
[WARNING] 'build.plugins.plugin.version' for org.apache.maven.plugins:maven-jar-plugin is missing. @ com.squareup.retrofit2:converter-simplexml:[unknown-version], /home/travis/build/square/retrofit/retrofit-converters/simplexml/pom.xml, line 51, column 15
[WARNING] 
[WARNING] Some problems were encountered while building the effective model for com.squareup.retrofit2:converter-scalars:jar:2.4.1-SNAPSHOT
[WARNING] 'build.plugins.plugin.version' for org.apache.maven.plugins:maven-jar-plugin is missing. @ com.squareup.retrofit2:converter-scalars:[unknown-version], /home/travis/build/square/retrofit/retrofit-converters/scalars/pom.xml, line 47, column 15
[WARNING] 
[WARNING] Some problems were encountered while building the effective model for com.squareup.retrofit2:converter-moshi:jar:2.4.1-SNAPSHOT
[WARNING] 'build.plugins.plugin.version' for org.apache.maven.plugins:maven-jar-plugin is missing. @ com.squareup.retrofit2:converter-moshi:[unknown-version], /home/travis/build/square/retrofit/retrofit-converters/moshi/pom.xml, line 51, column 15
[WARNING] 
[WARNING] Some problems were encountered while building the effective model for com.squareup.retrofit2:converter-jaxb:jar:2.4.1-SNAPSHOT
[WARNING] 'build.plugins.plugin.version' for org.apache.maven.plugins:maven-jar-plugin is missing. @ com.squareup.retrofit2:converter-jaxb:[unknown-version], /home/travis/build/square/retrofit/retrofit-converters/jaxb/pom.xml, line 51, column 15
[WARNING] 
[WARNING] Some problems were encountered while building the effective model for com.squareup.retrofit2:retrofit-mock:jar:2.4.1-SNAPSHOT
[WARNING] 'build.plugins.plugin.version' for org.apache.maven.plugins:maven-jar-plugin is missing. @ com.squareup.retrofit2:retrofit-mock:[unknown-version], /home/travis/build/square/retrofit/retrofit-mock/pom.xml, line 47, column 15
[WARNING] 
[WARNING] Some problems were encountered while building the effective model for com.squareup.retrofit2:samples:jar:2.4.1-SNAPSHOT
[WARNING] 'build.plugins.plugin.version' for org.apache.maven.plugins:maven-deploy-plugin is missing. @ com.squareup.retrofit2:samples:[unknown-version], /home/travis/build/square/retrofit/samples/pom.xml, line 65, column 15
[WARNING] 
[WARNING] It is highly recommended to fix these problems because they threaten the stability of your build.
[WARNING] 
[WARNING] For this reason, future Maven versions might no longer support building such malformed projects.
[WARNING] 
[INFO] ------------------------------------------------------------------------
[INFO] Reactor Build Order:
[INFO] 
[INFO] Retrofit (Parent)
[INFO] Retrofit
[INFO] Adapters
[INFO] Adapter: Guava
[INFO] Adapter: Java 8
[INFO] Adapter: RxJava
[INFO] Adapter: RxJava 2
[INFO] Adapter: Scala
[INFO] Converters
[INFO] Converter: Gson
[INFO] Converter: Guava
[INFO] Converter: Protocol Buffers
[INFO] Converter: Jackson
[INFO] Converter: Java 8
[INFO] Converter: Wire Protocol Buffers
[INFO] Converter: SimpleXML
[INFO] Converter: Java Scalars
[INFO] Converter: Moshi
[INFO] Converter: JAXB
[INFO] Retrofit Mock Adapter
[INFO] Samples
[INFO] 
[INFO] ------------------------------------------------------------------------
[INFO] Building Retrofit (Parent) 2.4.1-SNAPSHOT
[INFO] ------------------------------------------------------------------------
[INFO] 
[INFO] --- maven-enforcer-plugin:1.0:enforce (enforce-maven) @ parent ---
[INFO] 
[INFO] --- animal-sniffer-maven-plugin:1.14:check (default) @ parent ---
[INFO] Checking unresolved references to org.codehaus.mojo.signature:java16:1.1
[INFO] 
[INFO] ------------------------------------------------------------------------
[INFO] Building Retrofit 2.4.1-SNAPSHOT
[INFO] ------------------------------------------------------------------------
[INFO] 
[INFO] --- maven-enforcer-plugin:1.0:enforce (enforce-maven) @ retrofit ---
[INFO] 
[INFO] --- maven-resources-plugin:2.6:resources (default-resources) @ retrofit ---
[INFO] Using 'UTF-8' encoding to copy filtered resources.
[INFO] Copying 1 resource
[INFO] 
[INFO] --- maven-compiler-plugin:3.6.1:compile (default-compile) @ retrofit ---
[INFO] Changes detected - recompiling the module!
[INFO] Compiling 44 source files to /home/travis/build/square/retrofit/retrofit/target/classes
Note: Some input files use unchecked or unsafe operations.
Note: Recompile with -Xlint:unchecked for details.
[INFO] 
[INFO] --- maven-resources-plugin:2.6:testResources (default-testResources) @ retrofit ---
[INFO] Using 'UTF-8' encoding to copy filtered resources.
[INFO] skip non existing resourceDirectory /home/travis/build/square/retrofit/retrofit/src/test/resources
[INFO] 
[INFO] --- maven-compiler-plugin:3.6.1:testCompile (default-testCompile) @ retrofit ---
[INFO] Nothing to compile - all classes are up to date
[INFO] 
[INFO] --- maven-surefire-plugin:2.12.4:test (default-test) @ retrofit ---
[INFO] Surefire report directory: /home/travis/build/square/retrofit/retrofit/target/surefire-reports

-------------------------------------------------------
 T E S T S
-------------------------------------------------------
Picked up _JAVA_OPTIONS: -Xmx2048m -Xms512m
Running retrofit2.CallTest
Jul 13, 2018 3:18:56 PM okhttp3.mockwebserver.MockWebServer$2 execute
INFO: MockWebServer[60538] starting to accept connections
Jul 13, 2018 3:18:56 PM okhttp3.mockwebserver.MockWebServer$2 acceptConnections
INFO: MockWebServer[60538] done accepting connections: Socket closed
Jul 13, 2018 3:18:56 PM okhttp3.mockwebserver.MockWebServer$2 execute
INFO: MockWebServer[38103] starting to accept connections
Jul 13, 2018 3:18:56 PM okhttp3.mockwebserver.MockWebServer$2 acceptConnections
INFO: MockWebServer[38103] done accepting connections: Socket closed
Jul 13, 2018 3:18:56 PM okhttp3.mockwebserver.MockWebServer$3 processOneRequest
INFO: MockWebServer[38103] received request: GET / HTTP/1.1 and responded: HTTP/1.1 200 OK
Jul 13, 2018 3:18:56 PM okhttp3.mockwebserver.MockWebServer$2 execute
INFO: MockWebServer[60089] starting to accept connections
Jul 13, 2018 3:18:56 PM okhttp3.mockwebserver.MockWebServer$3 processOneRequest
INFO: MockWebServer[60089] received request: GET / HTTP/1.1 and responded: HTTP/1.1 404 Client Error
Jul 13, 2018 3:18:56 PM okhttp3.mockwebserver.MockWebServer$2 acceptConnections
INFO: MockWebServer[60089] done accepting connections: Socket closed
Jul 13, 2018 3:18:56 PM okhttp3.mockwebserver.MockWebServer$2 execute
INFO: MockWebServer[38630] starting to accept connections
Jul 13, 2018 3:18:57 PM okhttp3.mockwebserver.MockWebServer$3 processOneRequest
INFO: MockWebServer[38630] received request: POST /Hello HTTP/1.1 and responded: HTTP/1.1 200 OK
Jul 13, 2018 3:18:57 PM okhttp3.mockwebserver.MockWebServer$2 acceptConnections
INFO: MockWebServer[38630] done accepting connections: Socket closed
Jul 13, 2018 3:18:57 PM okhttp3.mockwebserver.MockWebServer$2 execute
INFO: MockWebServer[42459] starting to accept connections
Jul 13, 2018 3:18:57 PM okhttp3.mockwebserver.MockWebServer$2 acceptConnections
INFO: MockWebServer[42459] done accepting connections: Socket closed
Jul 13, 2018 3:18:57 PM okhttp3.mockwebserver.MockWebServer$2 execute
INFO: MockWebServer[42823] starting to accept connections
Jul 13, 2018 3:18:57 PM okhttp3.mockwebserver.MockWebServer$2 acceptConnections
INFO: MockWebServer[42823] done accepting connections: Socket closed
Jul 13, 2018 3:18:57 PM okhttp3.mockwebserver.MockWebServer$2 execute
INFO: MockWebServer[48338] starting to accept connections
Jul 13, 2018 3:18:57 PM okhttp3.mockwebserver.MockWebServer$2 acceptConnections
INFO: MockWebServer[48338] done accepting connections: Socket closed
Jul 13, 2018 3:18:57 PM okhttp3.mockwebserver.MockWebServer$2 execute
INFO: MockWebServer[57039] starting to accept connections
Jul 13, 2018 3:18:57 PM okhttp3.mockwebserver.MockWebServer$2 acceptConnections
INFO: MockWebServer[57039] done accepting connections: Socket closed
Jul 13, 2018 3:18:57 PM okhttp3.mockwebserver.MockWebServer$3 processOneRequest
INFO: MockWebServer[57039] received request: GET / HTTP/1.1 and responded: HTTP/1.1 200 OK
Jul 13, 2018 3:18:57 PM okhttp3.mockwebserver.MockWebServer$2 execute
INFO: MockWebServer[50000] starting to accept connections
Jul 13, 2018 3:18:57 PM okhttp3.mockwebserver.MockWebServer$2 acceptConnections
INFO: MockWebServer[50000] done accepting connections: Socket is closed
Jul 13, 2018 3:18:57 PM okhttp3.mockwebserver.MockWebServer$2 execute
INFO: MockWebServer[33464] starting to accept connections
Jul 13, 2018 3:18:57 PM okhttp3.mockwebserver.MockWebServer$2 acceptConnections
INFO: MockWebServer[33464] done accepting connections: Socket closed
Jul 13, 2018 3:18:57 PM okhttp3.mockwebserver.MockWebServer$3 processOneRequest
INFO: MockWebServer[33464] received request: GET / HTTP/1.1 and responded: HTTP/1.1 200 OK
Jul 13, 2018 3:18:57 PM okhttp3.mockwebserver.MockWebServer$2 execute
INFO: MockWebServer[53576] starting to accept connections
Jul 13, 2018 3:18:57 PM okhttp3.mockwebserver.MockWebServer$2 acceptConnections
INFO: MockWebServer[53576] done accepting connections: Socket closed
Jul 13, 2018 3:18:57 PM okhttp3.mockwebserver.MockWebServer$2 execute
INFO: MockWebServer[40711] starting to accept connections
Jul 13, 2018 3:18:57 PM okhttp3.mockwebserver.MockWebServer$3 processOneRequest
INFO: MockWebServer[40711] received request: POST /Hello HTTP/1.1 and responded: HTTP/1.1 200 OK
Jul 13, 2018 3:18:57 PM okhttp3.mockwebserver.MockWebServer$2 acceptConnections
INFO: MockWebServer[40711] done accepting connections: Socket closed
Jul 13, 2018 3:18:57 PM okhttp3.mockwebserver.MockWebServer$2 execute
INFO: MockWebServer[55552] starting to accept connections
Jul 13, 2018 3:18:57 PM okhttp3.mockwebserver.MockWebServer$3 processOneRequest
INFO: MockWebServer[55552] received request: POST /Hello HTTP/1.1 and responded: HTTP/1.1 200 OK
Jul 13, 2018 3:18:57 PM okhttp3.mockwebserver.MockWebServer$2 acceptConnections
INFO: MockWebServer[55552] done accepting connections: Socket closed
Jul 13, 2018 3:18:57 PM okhttp3.mockwebserver.MockWebServer$2 execute
INFO: MockWebServer[43223] starting to accept connections
Jul 13, 2018 3:18:57 PM okhttp3.mockwebserver.MockWebServer$2 acceptConnections
INFO: MockWebServer[43223] done accepting connections: Socket closed
Jul 13, 2018 3:18:57 PM okhttp3.mockwebserver.MockWebServer$2 execute
INFO: MockWebServer[40966] starting to accept connections
Jul 13, 2018 3:18:57 PM okhttp3.mockwebserver.MockWebServer$3 processOneRequest
INFO: MockWebServer[40966] received request: GET / HTTP/1.1 and responded: HTTP/1.1 404 Client Error
Jul 13, 2018 3:18:57 PM okhttp3.mockwebserver.MockWebServer$2 acceptConnections
INFO: MockWebServer[40966] done accepting connections: Socket closed
Jul 13, 2018 3:18:57 PM okhttp3.mockwebserver.MockWebServer$2 execute
INFO: MockWebServer[35202] starting to accept connections
Jul 13, 2018 3:18:57 PM okhttp3.mockwebserver.MockWebServer$3 processOneRequest
INFO: MockWebServer[35202] received request: POST / HTTP/1.1 and responded: HTTP/1.1 200 OK
Jul 13, 2018 3:18:57 PM okhttp3.mockwebserver.MockWebServer$2 acceptConnections
INFO: MockWebServer[35202] done accepting connections: Socket closed
Jul 13, 2018 3:18:57 PM okhttp3.mockwebserver.MockWebServer$2 execute
INFO: MockWebServer[48366] starting to accept connections
Jul 13, 2018 3:18:57 PM okhttp3.mockwebserver.MockWebServer$3 processOneRequest
INFO: MockWebServer[48366] received request: GET / HTTP/1.1 and responded: HTTP/1.1 204 Nothin
Jul 13, 2018 3:18:57 PM okhttp3.mockwebserver.MockWebServer$2 acceptConnections
INFO: MockWebServer[48366] done accepting connections: Socket closed
Jul 13, 2018 3:18:57 PM okhttp3.mockwebserver.MockWebServer$2 execute
INFO: MockWebServer[38889] starting to accept connections
Jul 13, 2018 3:18:57 PM okhttp3.mockwebserver.MockWebServer$2 acceptConnections
INFO: MockWebServer[38889] done accepting connections: Socket closed
Jul 13, 2018 3:18:57 PM okhttp3.mockwebserver.MockWebServer$2 execute
INFO: MockWebServer[41452] starting to accept connections
Jul 13, 2018 3:18:57 PM okhttp3.mockwebserver.MockWebServer$2 acceptConnections
INFO: MockWebServer[41452] done accepting connections: Socket closed
Jul 13, 2018 3:18:57 PM okhttp3.mockwebserver.MockWebServer$3 processOneRequest
INFO: MockWebServer[41452] received request: GET / HTTP/1.1 and responded: HTTP/1.1 200 OK
Jul 13, 2018 3:18:57 PM okhttp3.mockwebserver.MockWebServer$2 execute
INFO: MockWebServer[57006] starting to accept connections
Jul 13, 2018 3:18:57 PM okhttp3.mockwebserver.MockWebServer$3 processOneRequest
INFO: MockWebServer[57006] received request: POST /Hello HTTP/1.1 and responded: HTTP/1.1 200 OK
Jul 13, 2018 3:18:57 PM okhttp3.mockwebserver.MockWebServer$2 acceptConnections
INFO: MockWebServer[57006] done accepting connections: Socket closed
Jul 13, 2018 3:18:57 PM okhttp3.mockwebserver.MockWebServer$2 execute
INFO: MockWebServer[40221] starting to accept connections
Jul 13, 2018 3:18:57 PM okhttp3.mockwebserver.MockWebServer$2 acceptConnections
INFO: MockWebServer[40221] done accepting connections: Socket closed
Jul 13, 2018 3:18:57 PM okhttp3.mockwebserver.MockWebServer$3 processOneRequest
INFO: MockWebServer[40221] received request: GET / HTTP/1.1 and responded: HTTP/1.1 200 OK
Jul 13, 2018 3:18:57 PM okhttp3.mockwebserver.MockWebServer$2 execute
INFO: MockWebServer[50858] starting to accept connections
Jul 13, 2018 3:18:57 PM okhttp3.mockwebserver.MockWebServer$2 acceptConnections
INFO: MockWebServer[50858] done accepting connections: Socket closed
Jul 13, 2018 3:18:57 PM okhttp3.mockwebserver.MockWebServer$2 execute
INFO: MockWebServer[35411] starting to accept connections
Jul 13, 2018 3:18:57 PM okhttp3.mockwebserver.MockWebServer$3 processOneRequest
INFO: MockWebServer[35411] received request: POST / HTTP/1.1 and responded: HTTP/1.1 200 OK
Jul 13, 2018 3:18:57 PM okhttp3.mockwebserver.MockWebServer$2 acceptConnections
INFO: MockWebServer[35411] done accepting connections: Socket closed
Jul 13, 2018 3:18:57 PM okhttp3.mockwebserver.MockWebServer$2 execute
INFO: MockWebServer[51736] starting to accept connections
Jul 13, 2018 3:18:57 PM okhttp3.mockwebserver.MockWebServer$2 acceptConnections
INFO: MockWebServer[51736] done accepting connections: Socket closed
Jul 13, 2018 3:18:57 PM okhttp3.mockwebserver.MockWebServer$2 execute
INFO: MockWebServer[48540] starting to accept connections
Jul 13, 2018 3:18:57 PM okhttp3.mockwebserver.MockWebServer$2 acceptConnections
INFO: MockWebServer[48540] done accepting connections: Socket is closed
Jul 13, 2018 3:18:57 PM okhttp3.mockwebserver.MockWebServer$2 execute
INFO: MockWebServer[49979] starting to accept connections
Jul 13, 2018 3:18:57 PM okhttp3.mockwebserver.MockWebServer$2 acceptConnections
INFO: MockWebServer[49979] done accepting connections: Socket closed
Jul 13, 2018 3:18:57 PM okhttp3.mockwebserver.MockWebServer$2 execute
INFO: MockWebServer[45895] starting to accept connections
Jul 13, 2018 3:18:57 PM okhttp3.mockwebserver.MockWebServer$2 acceptConnections
INFO: MockWebServer[45895] done accepting connections: Socket is closed
Jul 13, 2018 3:18:57 PM okhttp3.mockwebserver.MockWebServer$2 execute
INFO: MockWebServer[54301] starting to accept connections
Jul 13, 2018 3:18:57 PM okhttp3.mockwebserver.MockWebServer$2 acceptConnections
INFO: MockWebServer[54301] done accepting connections: Socket closed
Jul 13, 2018 3:18:57 PM okhttp3.mockwebserver.MockWebServer$2 execute
INFO: MockWebServer[47321] starting to accept connections
Jul 13, 2018 3:18:57 PM okhttp3.mockwebserver.MockWebServer$2 acceptConnections
INFO: MockWebServer[47321] done accepting connections: Socket closed
Jul 13, 2018 3:18:57 PM okhttp3.mockwebserver.MockWebServer$2 execute
INFO: MockWebServer[42434] starting to accept connections
Jul 13, 2018 3:18:57 PM okhttp3.mockwebserver.MockWebServer$3 processOneRequest
INFO: MockWebServer[42434] received request: GET / HTTP/1.1 and responded: HTTP/1.1 200 OK
Jul 13, 2018 3:18:57 PM okhttp3.mockwebserver.MockWebServer$2 acceptConnections
INFO: MockWebServer[42434] done accepting connections: Socket closed
Jul 13, 2018 3:18:57 PM okhttp3.mockwebserver.MockWebServer$2 execute
INFO: MockWebServer[41295] starting to accept connections
Jul 13, 2018 3:18:57 PM okhttp3.mockwebserver.MockWebServer$3 processOneRequest
INFO: MockWebServer[41295] received request: GET / HTTP/1.1 and responded: HTTP/1.1 200 OK
Jul 13, 2018 3:18:57 PM okhttp3.mockwebserver.MockWebServer$2 acceptConnections
INFO: MockWebServer[41295] done accepting connections: Socket closed
Jul 13, 2018 3:18:57 PM okhttp3.mockwebserver.MockWebServer$2 execute
INFO: MockWebServer[50451] starting to accept connections
Jul 13, 2018 3:18:57 PM okhttp3.mockwebserver.MockWebServer$2 acceptConnections
INFO: MockWebServer[50451] done accepting connections: Socket closed
Jul 13, 2018 3:18:57 PM okhttp3.mockwebserver.MockWebServer$3 processOneRequest
INFO: MockWebServer[50451] received request: GET / HTTP/1.1 and responded: HTTP/1.1 205 Nothin
Jul 13, 2018 3:18:57 PM okhttp3.mockwebserver.MockWebServer$2 execute
INFO: MockWebServer[45726] starting to accept connections
Jul 13, 2018 3:18:57 PM okhttp3.mockwebserver.MockWebServer$3 processOneRequest
INFO: MockWebServer[45726] received request: GET / HTTP/1.1 and responded: HTTP/1.1 200 OK
Jul 13, 2018 3:18:57 PM okhttp3.mockwebserver.MockWebServer$3 processOneRequest
INFO: MockWebServer[45726] received request: GET / HTTP/1.1 and responded: HTTP/1.1 200 OK
Jul 13, 2018 3:18:57 PM okhttp3.mockwebserver.MockWebServer$2 acceptConnections
INFO: MockWebServer[45726] done accepting connections: Socket closed
Jul 13, 2018 3:18:57 PM okhttp3.mockwebserver.MockWebServer$2 execute
INFO: MockWebServer[33859] starting to accept connections
Jul 13, 2018 3:18:57 PM okhttp3.mockwebserver.MockWebServer$2 acceptConnections
INFO: MockWebServer[33859] done accepting connections: Socket closed
Jul 13, 2018 3:18:57 PM okhttp3.mockwebserver.MockWebServer$2 execute
INFO: MockWebServer[57238] starting to accept connections
Jul 13, 2018 3:18:57 PM okhttp3.mockwebserver.MockWebServer$3 processOneRequest
INFO: MockWebServer[57238] received request: GET / HTTP/1.1 and responded: HTTP/1.1 200 OK
Jul 13, 2018 3:18:57 PM okhttp3.mockwebserver.MockWebServer$2 acceptConnections
INFO: MockWebServer[57238] done accepting connections: Socket closed
Jul 13, 2018 3:18:57 PM okhttp3.mockwebserver.MockWebServer$2 execute
INFO: MockWebServer[37410] starting to accept connections
Jul 13, 2018 3:18:57 PM okhttp3.mockwebserver.MockWebServer$2 acceptConnections
INFO: MockWebServer[37410] done accepting connections: Socket closed
Jul 13, 2018 3:18:57 PM okhttp3.mockwebserver.MockWebServer$2 execute
INFO: MockWebServer[54493] starting to accept connections
Jul 13, 2018 3:18:57 PM okhttp3.mockwebserver.MockWebServer$2 acceptConnections
INFO: MockWebServer[54493] done accepting connections: Socket closed
Jul 13, 2018 3:18:57 PM okhttp3.mockwebserver.MockWebServer$2 execute
INFO: MockWebServer[48633] starting to accept connections
Jul 13, 2018 3:18:57 PM okhttp3.mockwebserver.MockWebServer$2 acceptConnections
INFO: MockWebServer[48633] done accepting connections: Socket is closed
Jul 13, 2018 3:18:57 PM okhttp3.mockwebserver.MockWebServer$2 execute
INFO: MockWebServer[40529] starting to accept connections
Jul 13, 2018 3:18:57 PM okhttp3.mockwebserver.MockWebServer$2 acceptConnections
INFO: MockWebServer[40529] done accepting connections: Socket closed
Jul 13, 2018 3:18:57 PM okhttp3.mockwebserver.MockWebServer$2 execute
INFO: MockWebServer[52766] starting to accept connections
Jul 13, 2018 3:18:57 PM okhttp3.mockwebserver.MockWebServer$2 acceptConnections
INFO: MockWebServer[52766] done accepting connections: Socket closed
Jul 13, 2018 3:18:57 PM okhttp3.mockwebserver.MockWebServer$3 processOneRequest
INFO: MockWebServer[52766] received request: GET / HTTP/1.1 and responded: HTTP/1.1 200 OK
Jul 13, 2018 3:18:57 PM okhttp3.mockwebserver.MockWebServer$2 execute
INFO: MockWebServer[48827] starting to accept connections
Jul 13, 2018 3:18:57 PM okhttp3.mockwebserver.MockWebServer$2 acceptConnections
INFO: MockWebServer[48827] done accepting connections: Socket closed
Jul 13, 2018 3:18:57 PM okhttp3.mockwebserver.MockWebServer$3 processOneRequest
INFO: MockWebServer[48827] received request: GET / HTTP/1.1 and responded: HTTP/1.1 200 OK
Jul 13, 2018 3:18:57 PM okhttp3.mockwebserver.MockWebServer$2 execute
INFO: MockWebServer[43590] starting to accept connections
Jul 13, 2018 3:18:57 PM okhttp3.mockwebserver.MockWebServer$2 acceptConnections
INFO: MockWebServer[43590] done accepting connections: Socket closed
Jul 13, 2018 3:18:57 PM okhttp3.mockwebserver.MockWebServer$3 processOneRequest
INFO: MockWebServer[43590] received request: GET / HTTP/1.1 and responded: HTTP/1.1 200 OK
Tests run: 42, Failures: 0, Errors: 0, Skipped: 0, Time elapsed: 3.732 sec
Running retrofit2.ExecutorCallAdapterFactoryTest
Tests run: 7, Failures: 0, Errors: 0, Skipped: 0, Time elapsed: 0.096 sec
Running retrofit2.HttpExceptionTest
Tests run: 2, Failures: 0, Errors: 0, Skipped: 0, Time elapsed: 0 sec
Running retrofit2.RequestFactoryTest
Tests run: 150, Failures: 2, Errors: 0, Skipped: 0, Time elapsed: 0.327 sec <<< FAILURE!
malformedContentTypeHeaderThrows(retrofit2.RequestFactoryTest)  Time elapsed: 0.02 sec  <<< FAILURE!
java.lang.AssertionError: 
Expecting message:
 <"Malformed content type: hello, world!
    for method Example.method">
but was:
 <"No subtype found for: "hello, world!"">
	at retrofit2.RequestFactoryTest.malformedContentTypeHeaderThrows(RequestFactoryTest.java:2505)
	at sun.reflect.NativeMethodAccessorImpl.invoke0(Native Method)
	at sun.reflect.NativeMethodAccessorImpl.invoke(NativeMethodAccessorImpl.java:62)
	at sun.reflect.DelegatingMethodAccessorImpl.invoke(DelegatingMethodAccessorImpl.java:43)
	at java.lang.reflect.Method.invoke(Method.java:498)
	at org.junit.runners.model.FrameworkMethod$1.runReflectiveCall(FrameworkMethod.java:50)
	at org.junit.internal.runners.model.ReflectiveCallable.run(ReflectiveCallable.java:12)
	at org.junit.runners.model.FrameworkMethod.invokeExplosively(FrameworkMethod.java:47)
	at org.junit.internal.runners.statements.InvokeMethod.evaluate(InvokeMethod.java:17)
	at org.junit.runners.ParentRunner.runLeaf(ParentRunner.java:325)
	at org.junit.runners.BlockJUnit4ClassRunner.runChild(BlockJUnit4ClassRunner.java:78)
	at org.junit.runners.BlockJUnit4ClassRunner.runChild(BlockJUnit4ClassRunner.java:57)
	at org.junit.runners.ParentRunner$3.run(ParentRunner.java:290)
	at org.junit.runners.ParentRunner$1.schedule(ParentRunner.java:71)
	at org.junit.runners.ParentRunner.runChildren(ParentRunner.java:288)
	at org.junit.runners.ParentRunner.access$000(ParentRunner.java:58)
	at org.junit.runners.ParentRunner$2.evaluate(ParentRunner.java:268)
	at org.junit.runners.ParentRunner.run(ParentRunner.java:363)
	at org.apache.maven.surefire.junit4.JUnit4Provider.execute(JUnit4Provider.java:252)
	at org.apache.maven.surefire.junit4.JUnit4Provider.executeTestSet(JUnit4Provider.java:141)
	at org.apache.maven.surefire.junit4.JUnit4Provider.invoke(JUnit4Provider.java:112)
	at sun.reflect.NativeMethodAccessorImpl.invoke0(Native Method)
	at sun.reflect.NativeMethodAccessorImpl.invoke(NativeMethodAccessorImpl.java:62)
	at sun.reflect.DelegatingMethodAccessorImpl.invoke(DelegatingMethodAccessorImpl.java:43)
	at java.lang.reflect.Method.invoke(Method.java:498)
	at org.apache.maven.surefire.util.ReflectionUtils.invokeMethodWithArray(ReflectionUtils.java:189)
	at org.apache.maven.surefire.booter.ProviderFactory$ProviderProxy.invoke(ProviderFactory.java:165)
	at org.apache.maven.surefire.booter.ProviderFactory.invokeProvider(ProviderFactory.java:85)
	at org.apache.maven.surefire.booter.ForkedBooter.runSuitesInProcess(ForkedBooter.java:115)
	at org.apache.maven.surefire.booter.ForkedBooter.main(ForkedBooter.java:75)

malformedContentTypeParameterThrows(retrofit2.RequestFactoryTest)  Time elapsed: 0.003 sec  <<< FAILURE!
java.lang.AssertionError: 
Expecting message:
 <"Malformed content type: hello, world!">
but was:
 <"No subtype found for: "hello, world!"">
	at retrofit2.RequestFactoryTest.malformedContentTypeParameterThrows(RequestFactoryTest.java:2546)
	at sun.reflect.NativeMethodAccessorImpl.invoke0(Native Method)
	at sun.reflect.NativeMethodAccessorImpl.invoke(NativeMethodAccessorImpl.java:62)
	at sun.reflect.DelegatingMethodAccessorImpl.invoke(DelegatingMethodAccessorImpl.java:43)
	at java.lang.reflect.Method.invoke(Method.java:498)
	at org.junit.runners.model.FrameworkMethod$1.runReflectiveCall(FrameworkMethod.java:50)
	at org.junit.internal.runners.model.ReflectiveCallable.run(ReflectiveCallable.java:12)
	at org.junit.runners.model.FrameworkMethod.invokeExplosively(FrameworkMethod.java:47)
	at org.junit.internal.runners.statements.InvokeMethod.evaluate(InvokeMethod.java:17)
	at org.junit.runners.ParentRunner.runLeaf(ParentRunner.java:325)
	at org.junit.runners.BlockJUnit4ClassRunner.runChild(BlockJUnit4ClassRunner.java:78)
	at org.junit.runners.BlockJUnit4ClassRunner.runChild(BlockJUnit4ClassRunner.java:57)
	at org.junit.runners.ParentRunner$3.run(ParentRunner.java:290)
	at org.junit.runners.ParentRunner$1.schedule(ParentRunner.java:71)
	at org.junit.runners.ParentRunner.runChildren(ParentRunner.java:288)
	at org.junit.runners.ParentRunner.access$000(ParentRunner.java:58)
	at org.junit.runners.ParentRunner$2.evaluate(ParentRunner.java:268)
	at org.junit.runners.ParentRunner.run(ParentRunner.java:363)
	at org.apache.maven.surefire.junit4.JUnit4Provider.execute(JUnit4Provider.java:252)
	at org.apache.maven.surefire.junit4.JUnit4Provider.executeTestSet(JUnit4Provider.java:141)
	at org.apache.maven.surefire.junit4.JUnit4Provider.invoke(JUnit4Provider.java:112)
	at sun.reflect.NativeMethodAccessorImpl.invoke0(Native Method)
	at sun.reflect.NativeMethodAccessorImpl.invoke(NativeMethodAccessorImpl.java:62)
	at sun.reflect.DelegatingMethodAccessorImpl.invoke(DelegatingMethodAccessorImpl.java:43)
	at java.lang.reflect.Method.invoke(Method.java:498)
	at org.apache.maven.surefire.util.ReflectionUtils.invokeMethodWithArray(ReflectionUtils.java:189)
	at org.apache.maven.surefire.booter.ProviderFactory$ProviderProxy.invoke(ProviderFactory.java:165)
	at org.apache.maven.surefire.booter.ProviderFactory.invokeProvider(ProviderFactory.java:85)
	at org.apache.maven.surefire.booter.ForkedBooter.runSuitesInProcess(ForkedBooter.java:115)
	at org.apache.maven.surefire.booter.ForkedBooter.main(ForkedBooter.java:75)

Running retrofit2.RequestFactoryAndroidTest
WARNING: No manifest file found at ./AndroidManifest.xml.Falling back to the Android OS resources only.
To remove this warning, annotate your test class with @Config(manifest=Config.NONE).
WARNING: No manifest file found at ./AndroidManifest.xml.Falling back to the Android OS resources only.
To remove this warning, annotate your test class with @Config(manifest=Config.NONE).
Tests run: 2, Failures: 0, Errors: 0, Skipped: 0, Time elapsed: 2.434 sec
Running retrofit2.RequestFactoryBuilderTest
Tests run: 1, Failures: 0, Errors: 0, Skipped: 0, Time elapsed: 0 sec
Running retrofit2.RetrofitTest
Jul 13, 2018 3:19:00 PM okhttp3.mockwebserver.MockWebServer$2 execute
INFO: MockWebServer[43884] starting to accept connections
Jul 13, 2018 3:19:01 PM okhttp3.mockwebserver.MockWebServer$2 acceptConnections
INFO: MockWebServer[43884] done accepting connections: Socket closed
Jul 13, 2018 3:19:01 PM okhttp3.mockwebserver.MockWebServer$2 execute
INFO: MockWebServer[52203] starting to accept connections
Jul 13, 2018 3:19:01 PM okhttp3.mockwebserver.MockWebServer$2 acceptConnections
INFO: MockWebServer[52203] done accepting connections: Socket is closed
Jul 13, 2018 3:19:01 PM okhttp3.mockwebserver.MockWebServer$2 execute
INFO: MockWebServer[35369] starting to accept connections
Jul 13, 2018 3:19:01 PM okhttp3.mockwebserver.MockWebServer$2 acceptConnections
INFO: MockWebServer[35369] done accepting connections: Socket is closed
Jul 13, 2018 3:19:01 PM okhttp3.mockwebserver.MockWebServer$2 execute
INFO: MockWebServer[33433] starting to accept connections
Jul 13, 2018 3:19:01 PM okhttp3.mockwebserver.MockWebServer$2 acceptConnections
INFO: MockWebServer[33433] done accepting connections: Socket is closed
Jul 13, 2018 3:19:01 PM okhttp3.mockwebserver.MockWebServer$2 execute
INFO: MockWebServer[50970] starting to accept connections
Jul 13, 2018 3:19:01 PM okhttp3.mockwebserver.MockWebServer$2 acceptConnections
INFO: MockWebServer[50970] done accepting connections: Socket is closed
Jul 13, 2018 3:19:01 PM okhttp3.mockwebserver.MockWebServer$2 execute
INFO: MockWebServer[43127] starting to accept connections
Jul 13, 2018 3:19:01 PM okhttp3.mockwebserver.MockWebServer$2 acceptConnections
INFO: MockWebServer[43127] done accepting connections: Socket closed
Jul 13, 2018 3:19:01 PM okhttp3.mockwebserver.MockWebServer$3 processOneRequest
INFO: MockWebServer[43127] received request: GET / HTTP/1.1 and responded: HTTP/1.1 200 OK
Jul 13, 2018 3:19:01 PM okhttp3.mockwebserver.MockWebServer$2 execute
INFO: MockWebServer[50843] starting to accept connections
Jul 13, 2018 3:19:01 PM okhttp3.mockwebserver.MockWebServer$2 acceptConnections
INFO: MockWebServer[50843] done accepting connections: Socket closed
Jul 13, 2018 3:19:01 PM okhttp3.mockwebserver.MockWebServer$2 execute
INFO: MockWebServer[60694] starting to accept connections
Jul 13, 2018 3:19:01 PM okhttp3.mockwebserver.MockWebServer$2 acceptConnections
INFO: MockWebServer[60694] done accepting connections: Socket is closed
Jul 13, 2018 3:19:01 PM okhttp3.mockwebserver.MockWebServer$2 execute
INFO: MockWebServer[45603] starting to accept connections
Jul 13, 2018 3:19:01 PM okhttp3.mockwebserver.MockWebServer$2 acceptConnections
INFO: MockWebServer[45603] done accepting connections: Socket closed
Jul 13, 2018 3:19:01 PM okhttp3.mockwebserver.MockWebServer$2 execute
INFO: MockWebServer[55206] starting to accept connections
Jul 13, 2018 3:19:01 PM okhttp3.mockwebserver.MockWebServer$2 acceptConnections
INFO: MockWebServer[55206] done accepting connections: Socket closed
Jul 13, 2018 3:19:01 PM okhttp3.mockwebserver.MockWebServer$2 execute
INFO: MockWebServer[46789] starting to accept connections
Jul 13, 2018 3:19:01 PM okhttp3.mockwebserver.MockWebServer$2 acceptConnections
INFO: MockWebServer[46789] done accepting connections: Socket is closed
Jul 13, 2018 3:19:01 PM okhttp3.mockwebserver.MockWebServer$2 execute
INFO: MockWebServer[59325] starting to accept connections
Jul 13, 2018 3:19:01 PM okhttp3.mockwebserver.MockWebServer$2 acceptConnections
INFO: MockWebServer[59325] done accepting connections: Socket closed
Jul 13, 2018 3:19:01 PM okhttp3.mockwebserver.MockWebServer$2 execute
INFO: MockWebServer[34161] starting to accept connections
Jul 13, 2018 3:19:01 PM okhttp3.mockwebserver.MockWebServer$2 acceptConnections
INFO: MockWebServer[34161] done accepting connections: Socket closed
Jul 13, 2018 3:19:01 PM okhttp3.mockwebserver.MockWebServer$2 execute
INFO: MockWebServer[36087] starting to accept connections
Jul 13, 2018 3:19:01 PM okhttp3.mockwebserver.MockWebServer$2 acceptConnections
INFO: MockWebServer[36087] done accepting connections: Socket closed
Jul 13, 2018 3:19:01 PM okhttp3.mockwebserver.MockWebServer$2 execute
INFO: MockWebServer[49260] starting to accept connections
Jul 13, 2018 3:19:01 PM okhttp3.mockwebserver.MockWebServer$2 acceptConnections
INFO: MockWebServer[49260] done accepting connections: Socket closed
Jul 13, 2018 3:19:01 PM okhttp3.mockwebserver.MockWebServer$2 execute
INFO: MockWebServer[49258] starting to accept connections
Jul 13, 2018 3:19:01 PM okhttp3.mockwebserver.MockWebServer$2 acceptConnections
INFO: MockWebServer[49258] done accepting connections: Socket closed
Jul 13, 2018 3:19:01 PM okhttp3.mockwebserver.MockWebServer$2 execute
INFO: MockWebServer[39317] starting to accept connections
Jul 13, 2018 3:19:01 PM okhttp3.mockwebserver.MockWebServer$2 acceptConnections
INFO: MockWebServer[39317] done accepting connections: Socket closed
Jul 13, 2018 3:19:01 PM okhttp3.mockwebserver.MockWebServer$3 processOneRequest
INFO: MockWebServer[39317] received request: GET / HTTP/1.1 and responded: HTTP/1.1 200 OK
Jul 13, 2018 3:19:01 PM okhttp3.mockwebserver.MockWebServer$2 execute
INFO: MockWebServer[38550] starting to accept connections
Jul 13, 2018 3:19:01 PM okhttp3.mockwebserver.MockWebServer$2 acceptConnections
INFO: MockWebServer[38550] done accepting connections: Socket is closed
Jul 13, 2018 3:19:01 PM okhttp3.mockwebserver.MockWebServer$2 execute
INFO: MockWebServer[59011] starting to accept connections
Jul 13, 2018 3:19:01 PM okhttp3.mockwebserver.MockWebServer$2 acceptConnections
INFO: MockWebServer[59011] done accepting connections: Socket closed
Jul 13, 2018 3:19:01 PM okhttp3.mockwebserver.MockWebServer$2 execute
INFO: MockWebServer[45514] starting to accept connections
Jul 13, 2018 3:19:01 PM okhttp3.mockwebserver.MockWebServer$2 acceptConnections
INFO: MockWebServer[45514] done accepting connections: Socket closed
Jul 13, 2018 3:19:01 PM okhttp3.mockwebserver.MockWebServer$3 processOneRequest
INFO: MockWebServer[45514] received request: GET / HTTP/1.1 and responded: HTTP/1.1 200 OK
Jul 13, 2018 3:19:01 PM okhttp3.mockwebserver.MockWebServer$2 execute
INFO: MockWebServer[51218] starting to accept connections
Jul 13, 2018 3:19:01 PM okhttp3.mockwebserver.MockWebServer$2 acceptConnections
INFO: MockWebServer[51218] done accepting connections: Socket closed
Jul 13, 2018 3:19:01 PM okhttp3.mockwebserver.MockWebServer$2 execute
INFO: MockWebServer[53730] starting to accept connections
Jul 13, 2018 3:19:01 PM okhttp3.mockwebserver.MockWebServer$3 processOneRequest
INFO: MockWebServer[53730] received request: POST / HTTP/1.1 and responded: HTTP/1.1 200 OK
Jul 13, 2018 3:19:01 PM okhttp3.mockwebserver.MockWebServer$2 acceptConnections
INFO: MockWebServer[53730] done accepting connections: Socket closed
Jul 13, 2018 3:19:01 PM okhttp3.mockwebserver.MockWebServer$2 execute
INFO: MockWebServer[58030] starting to accept connections
Jul 13, 2018 3:19:01 PM okhttp3.mockwebserver.MockWebServer$2 acceptConnections
INFO: MockWebServer[58030] done accepting connections: Socket closed
Jul 13, 2018 3:19:01 PM okhttp3.mockwebserver.MockWebServer$2 execute
INFO: MockWebServer[43685] starting to accept connections
Jul 13, 2018 3:19:01 PM okhttp3.mockwebserver.MockWebServer$2 acceptConnections
INFO: MockWebServer[43685] done accepting connections: Socket closed
Jul 13, 2018 3:19:01 PM okhttp3.mockwebserver.MockWebServer$2 execute
INFO: MockWebServer[44450] starting to accept connections
Jul 13, 2018 3:19:01 PM okhttp3.mockwebserver.MockWebServer$2 acceptConnections
INFO: MockWebServer[44450] done accepting connections: Socket is closed
Jul 13, 2018 3:19:01 PM okhttp3.mockwebserver.MockWebServer$2 execute
INFO: MockWebServer[52868] starting to accept connections
Jul 13, 2018 3:19:01 PM okhttp3.mockwebserver.MockWebServer$2 acceptConnections
INFO: MockWebServer[52868] done accepting connections: Socket is closed
Jul 13, 2018 3:19:01 PM okhttp3.mockwebserver.MockWebServer$2 execute
INFO: MockWebServer[34422] starting to accept connections
Jul 13, 2018 3:19:01 PM okhttp3.mockwebserver.MockWebServer$2 acceptConnections
INFO: MockWebServer[34422] done accepting connections: Socket is closed
Jul 13, 2018 3:19:01 PM okhttp3.mockwebserver.MockWebServer$2 execute
INFO: MockWebServer[38524] starting to accept connections
Jul 13, 2018 3:19:01 PM okhttp3.mockwebserver.MockWebServer$2 acceptConnections
INFO: MockWebServer[38524] done accepting connections: Socket is closed
Jul 13, 2018 3:19:01 PM okhttp3.mockwebserver.MockWebServer$2 execute
INFO: MockWebServer[53964] starting to accept connections
Jul 13, 2018 3:19:01 PM okhttp3.mockwebserver.MockWebServer$2 acceptConnections
INFO: MockWebServer[53964] done accepting connections: Socket is closed
Jul 13, 2018 3:19:01 PM okhttp3.mockwebserver.MockWebServer$2 execute
INFO: MockWebServer[59787] starting to accept connections
Jul 13, 2018 3:19:01 PM okhttp3.mockwebserver.MockWebServer$3 processOneRequest
INFO: MockWebServer[59787] received request: GET / HTTP/1.1 and responded: HTTP/1.1 200 OK
Jul 13, 2018 3:19:01 PM okhttp3.mockwebserver.MockWebServer$2 acceptConnections
INFO: MockWebServer[59787] done accepting connections: Socket closed
Jul 13, 2018 3:19:01 PM okhttp3.mockwebserver.MockWebServer$2 execute
INFO: MockWebServer[36641] starting to accept connections
Jul 13, 2018 3:19:01 PM okhttp3.mockwebserver.MockWebServer$2 acceptConnections
INFO: MockWebServer[36641] done accepting connections: Socket is closed
Jul 13, 2018 3:19:01 PM okhttp3.mockwebserver.MockWebServer$2 execute
INFO: MockWebServer[48312] starting to accept connections
Jul 13, 2018 3:19:01 PM okhttp3.mockwebserver.MockWebServer$2 acceptConnections
INFO: MockWebServer[48312] done accepting connections: Socket is closed
Jul 13, 2018 3:19:01 PM okhttp3.mockwebserver.MockWebServer$2 execute
INFO: MockWebServer[36234] starting to accept connections
Jul 13, 2018 3:19:01 PM okhttp3.mockwebserver.MockWebServer$2 acceptConnections
INFO: MockWebServer[36234] done accepting connections: Socket is closed
Jul 13, 2018 3:19:01 PM okhttp3.mockwebserver.MockWebServer$2 execute
INFO: MockWebServer[48590] starting to accept connections
Jul 13, 2018 3:19:01 PM okhttp3.mockwebserver.MockWebServer$2 acceptConnections
INFO: MockWebServer[48590] done accepting connections: Socket is closed
Jul 13, 2018 3:19:02 PM okhttp3.mockwebserver.MockWebServer$2 execute
INFO: MockWebServer[50776] starting to accept connections
Jul 13, 2018 3:19:02 PM okhttp3.mockwebserver.MockWebServer$2 acceptConnections
INFO: MockWebServer[50776] done accepting connections: Socket is closed
Jul 13, 2018 3:19:02 PM okhttp3.mockwebserver.MockWebServer$2 execute
INFO: MockWebServer[43657] starting to accept connections
Jul 13, 2018 3:19:02 PM okhttp3.mockwebserver.MockWebServer$3 processOneRequest
INFO: MockWebServer[43657] received request: GET / HTTP/1.1 and responded: HTTP/1.1 200 OK
Jul 13, 2018 3:19:02 PM okhttp3.mockwebserver.MockWebServer$3 processOneRequest
INFO: MockWebServer[43657] received request: GET / HTTP/1.1 and responded: HTTP/1.1 200 OK
Jul 13, 2018 3:19:02 PM okhttp3.mockwebserver.MockWebServer$2 acceptConnections
INFO: MockWebServer[43657] done accepting connections: Socket closed
Jul 13, 2018 3:19:02 PM okhttp3.mockwebserver.MockWebServer$2 execute
INFO: MockWebServer[34094] starting to accept connections
Jul 13, 2018 3:19:02 PM okhttp3.mockwebserver.MockWebServer$2 acceptConnections
INFO: MockWebServer[34094] done accepting connections: Socket closed
Jul 13, 2018 3:19:02 PM okhttp3.mockwebserver.MockWebServer$2 execute
INFO: MockWebServer[35525] starting to accept connections
Jul 13, 2018 3:19:02 PM okhttp3.mockwebserver.MockWebServer$2 acceptConnections
INFO: MockWebServer[35525] done accepting connections: Socket closed
Jul 13, 2018 3:19:02 PM okhttp3.mockwebserver.MockWebServer$2 execute
INFO: MockWebServer[44644] starting to accept connections
Jul 13, 2018 3:19:02 PM okhttp3.mockwebserver.MockWebServer$2 acceptConnections
INFO: MockWebServer[44644] done accepting connections: Socket closed
Jul 13, 2018 3:19:02 PM okhttp3.mockwebserver.MockWebServer$2 execute
INFO: MockWebServer[56072] starting to accept connections
Jul 13, 2018 3:19:02 PM okhttp3.mockwebserver.MockWebServer$2 acceptConnections
INFO: MockWebServer[56072] done accepting connections: Socket closed
Jul 13, 2018 3:19:02 PM okhttp3.mockwebserver.MockWebServer$2 execute
INFO: MockWebServer[47316] starting to accept connections
Jul 13, 2018 3:19:02 PM okhttp3.mockwebserver.MockWebServer$2 acceptConnections
INFO: MockWebServer[47316] done accepting connections: Socket is closed
Jul 13, 2018 3:19:02 PM okhttp3.mockwebserver.MockWebServer$2 execute
INFO: MockWebServer[43158] starting to accept connections
Jul 13, 2018 3:19:02 PM okhttp3.mockwebserver.MockWebServer$2 acceptConnections
INFO: MockWebServer[43158] done accepting connections: Socket closed
Jul 13, 2018 3:19:02 PM okhttp3.mockwebserver.MockWebServer$2 execute
INFO: MockWebServer[52013] starting to accept connections
Jul 13, 2018 3:19:02 PM okhttp3.mockwebserver.MockWebServer$2 acceptConnections
INFO: MockWebServer[52013] done accepting connections: Socket is closed
Jul 13, 2018 3:19:02 PM okhttp3.mockwebserver.MockWebServer$2 execute
INFO: MockWebServer[44357] starting to accept connections
Jul 13, 2018 3:19:02 PM okhttp3.mockwebserver.MockWebServer$2 acceptConnections
INFO: MockWebServer[44357] done accepting connections: Socket closed
Jul 13, 2018 3:19:02 PM okhttp3.mockwebserver.MockWebServer$2 execute
INFO: MockWebServer[49269] starting to accept connections
Jul 13, 2018 3:19:02 PM okhttp3.mockwebserver.MockWebServer$2 acceptConnections
INFO: MockWebServer[49269] done accepting connections: Socket is closed
Jul 13, 2018 3:19:02 PM okhttp3.mockwebserver.MockWebServer$2 execute
INFO: MockWebServer[32843] starting to accept connections
Jul 13, 2018 3:19:02 PM okhttp3.mockwebserver.MockWebServer$2 acceptConnections
INFO: MockWebServer[32843] done accepting connections: Socket closed
Jul 13, 2018 3:19:02 PM okhttp3.mockwebserver.MockWebServer$2 execute
INFO: MockWebServer[60925] starting to accept connections
Jul 13, 2018 3:19:02 PM okhttp3.mockwebserver.MockWebServer$2 acceptConnections
INFO: MockWebServer[60925] done accepting connections: Socket closed
Jul 13, 2018 3:19:02 PM okhttp3.mockwebserver.MockWebServer$2 execute
INFO: MockWebServer[35930] starting to accept connections
Jul 13, 2018 3:19:02 PM okhttp3.mockwebserver.MockWebServer$2 acceptConnections
INFO: MockWebServer[35930] done accepting connections: Socket closed
Jul 13, 2018 3:19:02 PM okhttp3.mockwebserver.MockWebServer$2 execute
INFO: MockWebServer[48822] starting to accept connections
Jul 13, 2018 3:19:02 PM okhttp3.mockwebserver.MockWebServer$2 acceptConnections
INFO: MockWebServer[48822] done accepting connections: Socket is closed
Jul 13, 2018 3:19:02 PM okhttp3.mockwebserver.MockWebServer$2 execute
INFO: MockWebServer[32953] starting to accept connections
Jul 13, 2018 3:19:02 PM okhttp3.mockwebserver.MockWebServer$3 processOneRequest
INFO: MockWebServer[32953] received request: GET /?i=101 HTTP/1.1 and responded: HTTP/1.1 200 OK
Jul 13, 2018 3:19:02 PM okhttp3.mockwebserver.MockWebServer$3 processOneRequest
INFO: MockWebServer[32953] received request: GET /?i=201 HTTP/1.1 and responded: HTTP/1.1 200 OK
Jul 13, 2018 3:19:02 PM okhttp3.mockwebserver.MockWebServer$2 acceptConnections
INFO: MockWebServer[32953] done accepting connections: Socket closed
Jul 13, 2018 3:19:02 PM okhttp3.mockwebserver.MockWebServer$2 execute
INFO: MockWebServer[39698] starting to accept connections
Jul 13, 2018 3:19:02 PM okhttp3.mockwebserver.MockWebServer$2 acceptConnections
INFO: MockWebServer[39698] done accepting connections: Socket closed
Jul 13, 2018 3:19:02 PM okhttp3.mockwebserver.MockWebServer$2 execute
INFO: MockWebServer[54513] starting to accept connections
Jul 13, 2018 3:19:02 PM okhttp3.mockwebserver.MockWebServer$2 acceptConnections
INFO: MockWebServer[54513] done accepting connections: Socket closed
Jul 13, 2018 3:19:02 PM okhttp3.mockwebserver.MockWebServer$2 execute
INFO: MockWebServer[39976] starting to accept connections
Jul 13, 2018 3:19:02 PM okhttp3.mockwebserver.MockWebServer$2 acceptConnections
INFO: MockWebServer[39976] done accepting connections: Socket closed
Jul 13, 2018 3:19:02 PM okhttp3.mockwebserver.MockWebServer$2 execute
INFO: MockWebServer[55851] starting to accept connections
Jul 13, 2018 3:19:02 PM okhttp3.mockwebserver.MockWebServer$2 acceptConnections
INFO: MockWebServer[55851] done accepting connections: Socket is closed
Jul 13, 2018 3:19:02 PM okhttp3.mockwebserver.MockWebServer$2 execute
INFO: MockWebServer[58575] starting to accept connections
Jul 13, 2018 3:19:02 PM okhttp3.mockwebserver.MockWebServer$2 acceptConnections
INFO: MockWebServer[58575] done accepting connections: Socket closed
Jul 13, 2018 3:19:02 PM okhttp3.mockwebserver.MockWebServer$2 execute
INFO: MockWebServer[58936] starting to accept connections
Jul 13, 2018 3:19:02 PM okhttp3.mockwebserver.MockWebServer$2 acceptConnections
INFO: MockWebServer[58936] done accepting connections: Socket closed
Jul 13, 2018 3:19:02 PM okhttp3.mockwebserver.MockWebServer$2 execute
INFO: MockWebServer[39072] starting to accept connections
Jul 13, 2018 3:19:02 PM okhttp3.mockwebserver.MockWebServer$2 acceptConnections
INFO: MockWebServer[39072] done accepting connections: Socket closed
Jul 13, 2018 3:19:02 PM okhttp3.mockwebserver.MockWebServer$2 execute
INFO: MockWebServer[39385] starting to accept connections
Jul 13, 2018 3:19:02 PM okhttp3.mockwebserver.MockWebServer$2 acceptConnections
INFO: MockWebServer[39385] done accepting connections: Socket is closed
Jul 13, 2018 3:19:03 PM okhttp3.mockwebserver.MockWebServer$2 execute
INFO: MockWebServer[48750] starting to accept connections
Jul 13, 2018 3:19:03 PM okhttp3.mockwebserver.MockWebServer$2 acceptConnections
INFO: MockWebServer[48750] done accepting connections: Socket is closed
Jul 13, 2018 3:19:03 PM okhttp3.mockwebserver.MockWebServer$2 execute
INFO: MockWebServer[46420] starting to accept connections
Jul 13, 2018 3:19:03 PM okhttp3.mockwebserver.MockWebServer$2 acceptConnections
INFO: MockWebServer[46420] done accepting connections: Socket is closed
Jul 13, 2018 3:19:03 PM okhttp3.mockwebserver.MockWebServer$2 execute
INFO: MockWebServer[50163] starting to accept connections
Jul 13, 2018 3:19:03 PM okhttp3.mockwebserver.MockWebServer$2 acceptConnections
INFO: MockWebServer[50163] done accepting connections: Socket closed
Jul 13, 2018 3:19:03 PM okhttp3.mockwebserver.MockWebServer$2 execute
INFO: MockWebServer[34665] starting to accept connections
Jul 13, 2018 3:19:03 PM okhttp3.mockwebserver.MockWebServer$2 acceptConnections
INFO: MockWebServer[34665] done accepting connections: Socket is closed
Jul 13, 2018 3:19:03 PM okhttp3.mockwebserver.MockWebServer$2 execute
INFO: MockWebServer[36602] starting to accept connections
Jul 13, 2018 3:19:03 PM okhttp3.mockwebserver.MockWebServer$2 acceptConnections
INFO: MockWebServer[36602] done accepting connections: Socket is closed
Jul 13, 2018 3:19:03 PM okhttp3.mockwebserver.MockWebServer$2 execute
INFO: MockWebServer[54766] starting to accept connections
Jul 13, 2018 3:19:03 PM okhttp3.mockwebserver.MockWebServer$2 acceptConnections
INFO: MockWebServer[54766] done accepting connections: Socket closed
Jul 13, 2018 3:19:03 PM okhttp3.mockwebserver.MockWebServer$2 execute
INFO: MockWebServer[51370] starting to accept connections
Jul 13, 2018 3:19:03 PM okhttp3.mockwebserver.MockWebServer$2 acceptConnections
INFO: MockWebServer[51370] done accepting connections: Socket is closed
Jul 13, 2018 3:19:03 PM okhttp3.mockwebserver.MockWebServer$2 execute
INFO: MockWebServer[40412] starting to accept connections
Jul 13, 2018 3:19:03 PM okhttp3.mockwebserver.MockWebServer$2 acceptConnections
INFO: MockWebServer[40412] done accepting connections: Socket closed
Jul 13, 2018 3:19:03 PM okhttp3.mockwebserver.MockWebServer$2 execute
INFO: MockWebServer[53508] starting to accept connections
Jul 13, 2018 3:19:03 PM okhttp3.mockwebserver.MockWebServer$2 acceptConnections
INFO: MockWebServer[53508] done accepting connections: Socket closed
Jul 13, 2018 3:19:03 PM okhttp3.mockwebserver.MockWebServer$2 execute
INFO: MockWebServer[59968] starting to accept connections
Jul 13, 2018 3:19:03 PM okhttp3.mockwebserver.MockWebServer$2 acceptConnections
INFO: MockWebServer[59968] done accepting connections: Socket closed
Tests run: 68, Failures: 1, Errors: 0, Skipped: 0, Time elapsed: 2.453 sec <<< FAILURE!
baseUrlInvalidThrows(retrofit2.RetrofitTest)  Time elapsed: 0.005 sec  <<< FAILURE!
java.lang.AssertionError: 
Expecting message:
 <"Illegal URL: ftp://foo/bar">
but was:
 <"Expected URL scheme 'http' or 'https' but was 'ftp'">
	at retrofit2.RetrofitTest.baseUrlInvalidThrows(RetrofitTest.java:697)
	at sun.reflect.NativeMethodAccessorImpl.invoke0(Native Method)
	at sun.reflect.NativeMethodAccessorImpl.invoke(NativeMethodAccessorImpl.java:62)
	at sun.reflect.DelegatingMethodAccessorImpl.invoke(DelegatingMethodAccessorImpl.java:43)
	at java.lang.reflect.Method.invoke(Method.java:498)
	at org.junit.runners.model.FrameworkMethod$1.runReflectiveCall(FrameworkMethod.java:50)
	at org.junit.internal.runners.model.ReflectiveCallable.run(ReflectiveCallable.java:12)
	at org.junit.runners.model.FrameworkMethod.invokeExplosively(FrameworkMethod.java:47)
	at org.junit.internal.runners.statements.InvokeMethod.evaluate(InvokeMethod.java:17)
	at org.junit.rules.ExternalResource$1.evaluate(ExternalResource.java:48)
	at org.junit.rules.RunRules.evaluate(RunRules.java:20)
	at org.junit.runners.ParentRunner.runLeaf(ParentRunner.java:325)
	at org.junit.runners.BlockJUnit4ClassRunner.runChild(BlockJUnit4ClassRunner.java:78)
	at org.junit.runners.BlockJUnit4ClassRunner.runChild(BlockJUnit4ClassRunner.java:57)
	at org.junit.runners.ParentRunner$3.run(ParentRunner.java:290)
	at org.junit.runners.ParentRunner$1.schedule(ParentRunner.java:71)
	at org.junit.runners.ParentRunner.runChildren(ParentRunner.java:288)
	at org.junit.runners.ParentRunner.access$000(ParentRunner.java:58)
	at org.junit.runners.ParentRunner$2.evaluate(ParentRunner.java:268)
	at org.junit.runners.ParentRunner.run(ParentRunner.java:363)
	at org.apache.maven.surefire.junit4.JUnit4Provider.execute(JUnit4Provider.java:252)
	at org.apache.maven.surefire.junit4.JUnit4Provider.executeTestSet(JUnit4Provider.java:141)
	at org.apache.maven.surefire.junit4.JUnit4Provider.invoke(JUnit4Provider.java:112)
	at sun.reflect.NativeMethodAccessorImpl.invoke0(Native Method)
	at sun.reflect.NativeMethodAccessorImpl.invoke(NativeMethodAccessorImpl.java:62)
	at sun.reflect.DelegatingMethodAccessorImpl.invoke(DelegatingMethodAccessorImpl.java:43)
	at java.lang.reflect.Method.invoke(Method.java:498)
	at org.apache.maven.surefire.util.ReflectionUtils.invokeMethodWithArray(ReflectionUtils.java:189)
	at org.apache.maven.surefire.booter.ProviderFactory$ProviderProxy.invoke(ProviderFactory.java:165)
	at org.apache.maven.surefire.booter.ProviderFactory.invokeProvider(ProviderFactory.java:85)
	at org.apache.maven.surefire.booter.ForkedBooter.runSuitesInProcess(ForkedBooter.java:115)
	at org.apache.maven.surefire.booter.ForkedBooter.main(ForkedBooter.java:75)

Running retrofit2.CallAdapterTest
Tests run: 4, Failures: 0, Errors: 0, Skipped: 0, Time elapsed: 0.004 sec
Running retrofit2.ResponseTest
Tests run: 15, Failures: 0, Errors: 0, Skipped: 0, Time elapsed: 0.01 sec

Results :

Failed tests:   malformedContentTypeHeaderThrows(retrofit2.RequestFactoryTest): (..)
  malformedContentTypeParameterThrows(retrofit2.RequestFactoryTest): (..)
  baseUrlInvalidThrows(retrofit2.RetrofitTest): (..)

Tests run: 291, Failures: 3, Errors: 0, Skipped: 0

[INFO] ------------------------------------------------------------------------
[INFO] Reactor Summary:
[INFO] 
[INFO] Retrofit (Parent) .................................. SUCCESS [  1.392 s]
[INFO] Retrofit ........................................... FAILURE [ 14.250 s]
[INFO] Adapters ........................................... SKIPPED
[INFO] Adapter: Guava ..................................... SKIPPED
[INFO] Adapter: Java 8 .................................... SKIPPED
[INFO] Adapter: RxJava .................................... SKIPPED
[INFO] Adapter: RxJava 2 .................................. SKIPPED
[INFO] Adapter: Scala ..................................... SKIPPED
[INFO] Converters ......................................... SKIPPED
[INFO] Converter: Gson .................................... SKIPPED
[INFO] Converter: Guava ................................... SKIPPED
[INFO] Converter: Protocol Buffers ........................ SKIPPED
[INFO] Converter: Jackson ................................. SKIPPED
[INFO] Converter: Java 8 .................................. SKIPPED
[INFO] Converter: Wire Protocol Buffers ................... SKIPPED
[INFO] Converter: SimpleXML ............................... SKIPPED
[INFO] Converter: Java Scalars ............................ SKIPPED
[INFO] Converter: Moshi ................................... SKIPPED
[INFO] Converter: JAXB .................................... SKIPPED
[INFO] Retrofit Mock Adapter .............................. SKIPPED
[INFO] Samples ............................................ SKIPPED
[INFO] ------------------------------------------------------------------------
[INFO] BUILD FAILURE
[INFO] ------------------------------------------------------------------------
[INFO] Total time: 16.168 s
[INFO] Finished at: 2018-07-13T15:19:03Z
[INFO] Final Memory: 40M/826M
[INFO] ------------------------------------------------------------------------
[ERROR] Failed to execute goal org.apache.maven.plugins:maven-surefire-plugin:2.12.4:test (default-test) on project retrofit: There are test failures.
[ERROR] 
[ERROR] Please refer to /home/travis/build/square/retrofit/retrofit/target/surefire-reports for the individual test results.
[ERROR] -> [Help 1]
[ERROR] 
[ERROR] To see the full stack trace of the errors, re-run Maven with the -e switch.
[ERROR] Re-run Maven using the -X switch to enable full debug logging.
[ERROR] 
[ERROR] For more information about the errors and possible solutions, please read the following articles:
[ERROR] [Help 1] http://cwiki.apache.org/confluence/display/MAVEN/MojoFailureException
[ERROR] 
[ERROR] After correcting the problems, you can resume the build with the command
[ERROR]   mvn <goals> -rf :retrofit

travis_time:end:196ba51c:start=1531495125512782794,finish=1531495143658248536,duration=18145465742[0K
[31;1mThe command "mvn test -B" exited with 1.[0m
travis_fold:start:cache.2[0Kstore build cache
travis_time:start:2ff232b0[0K
travis_time:end:2ff232b0:start=1531495143666149938,finish=1531495143670761557,duration=4611619[0Ktravis_time:start:0c2f32b8[0K[32;1mchange detected (content changed, file is created, or file is deleted):
/home/travis/.m2/repository/com/squareup/okhttp3/mockwebserver/3.11.0/mockwebserver-3.11.0.jar
/home/travis/.m2/repository/com/squareup/okhttp3/mockwebserver/3.11.0/mockwebserver-3.11.0.jar.sha1
/home/travis/.m2/repository/com/squareup/okhttp3/mockwebserver/3.11.0/mockwebserver-3.11.0.pom
/home/travis/.m2/repository/com/squareup/okhttp3/mockwebserver/3.11.0/mockwebserver-3.11.0.pom.sha1
/home/travis/.m2/repository/com/squareup/okhttp3/mockwebserver/3.11.0/_remote.repositories
/home/travis/.m2/repository/com/squareup/okhttp3/okhttp/3.11.0/okhttp-3.11.0.jar
/home/travis/.m2/repository/com/squareup/okhttp3/okhttp/3.11.0/okhttp-3.11.0.jar.sha1
/home/travis/.m2/repository/com/squareup/okhttp3/okhttp/3.11.0/okhttp-3.11.0.pom
/home/travis/.m2/repository/com/squareup/okhttp3/okhttp/3.11.0/okhttp-3.11.0.pom.sha1
/home/travis/.m2/repository/com/squareup/okhttp3/okhttp/3.11.0/_remote.repositories
/home/travis/.m2/repository/com/squareup/okhttp3/parent/3.11.0/parent-3.11.0.pom
/home/travis/.m2/repo
[0m
[32;1m...
[0m
[32;1mchanges detected, packing new archive[0m
.
[32;1muploading archive[0m

travis_time:end:0c2f32b8:start=1531495143676432276,finish=1531495156655890132,duration=12979457856[0Ktravis_fold:end:cache.2[0K
Done. Your build exited with 1.
